request: GET - https://www.exito.com/
response: 200 - https://www.exito.com/
request: GET - https://exitocol.vtexassets.com/_v/public/assets/v1/bundle/css/asset.min.css?v=3&files=theme,exitocol.store@8.16.1$style.common,exitocol.store@8.16.1$style.small,exitocol.store@8.16.1$style.notsmall,exitocol.store@8.16.1$style.large,exitocol.store@8.16.1$style.xlarge&files=fonts,989db2448f309bfdd99b513f37c84b8f5794d2b5&files=npm,animate.css@3.7.0/animate.min.css&files=react~vtex.render-runtime@8.132.4,common&files=react~vtex.store-components@3.162.0,Container,Share,Logo,4,SearchBar,DiscountBadge,SKUSelector,2,ProductImages&files=react~vtex.styleguide@9.146.1,0,Spinner,EXPERIMENTAL_Modal,1,Tooltip,15,NumericStepper&files=react~exito.icons@2.18.2,0,CustomIconLoader,DoubleIcon&files=react~exito.components@4.24.6,index&files=react~exito.geolocation@3.16.5,1&files=react~exito.utils-ui@0.1.3,GooglePublisherTag,InfoMessage&files=react~exito.home-components@1.8.2,MenuAncla,0,3,CarouselWithImage,HomeCategoryTitle,CarouselGridCategories,CarouselTitle&files=react~vtex.slider@0.8.3,0&files=react~exito.login@4.4.3,1,LoginGreetings&files=react~vtex.admin-pages@4.49.5,HighlightOverlay&files=react~vtex.flex-layout@0.20.0,0&files=react~vtexventures.livestreaming-free@0.18.0,0,ClientWrapper,9,8,15,ClientIndex,ClientProductList,ClientProductToCart,ClientModalQuestion,ClientChat,ModalTriggerCustom,ClientProductChatCarousel&files=react~exito.header@3.43.2,0&files=react~vtex.login@2.52.1,1&files=react~vtex.rich-text@0.15.0,index&files=react~exito.attended-components@1.1.1,ButtonAttended&files=react~exito.category-menu@3.9.6,CategoryMenu,0,DrawerMenuExito&files=react~vtex.product-summary@2.80.1,ProductSummaryImage&files=react~vtex.search@2.13.1,Autocomplete&files=overrides,exitocol.autogestion-estilos-exito@0.3.0$overrides,vtexventures.livestreaming-free@0.18.0$overrides,vtex.product-list@0.35.1$overrides,vtex.minicart@2.63.5$overrides,exito.wow@0.3.2$overrides,vtex.shelf-components@0.10.0$overrides,exitocol.store@8.16.1$overrides&workspace=master
request: GET - https://exitocol.vtexassets.com/assets/vtex.file-manager-graphql/images/ed5f0eb4-c5ca-421c-9495-78f8f4f35211___6c1653313b586ad8a357ba05353f84f4.png
request: GET - https://exitocol.vtexassets.com/assets/vtex.file-manager-graphql/images/2546d905-46ee-4e5a-a81c-1bcedfb151ca___4dbd3b28e1cbd36559e0e09c78eb51db.jpg
request: GET - https://exitocol.vtexassets.com/assets/vtex.file-manager-graphql/images/f5372984-7b14-4b17-aef8-2a2f297bc71b___acb5a1c8bf2e9fe39f38e79cee8616a8.png
request: GET - https://exitocol.vtexassets.com/assets/vtex.file-manager-graphql/images/20cb42d0-699a-4b16-b1b7-58cc69e4d1a3___6436aa2edc36887cdfecb3bb4df9af82.png
request: GET - https://exitocol.vtexassets.com/assets/vtex.file-manager-graphql/images/a2966395-1628-4099-8133-b774001913ba___25a668e0026b920a5e29f3928598dc05.png
request: GET - https://exitocol.vtexassets.com/assets/vtex.file-manager-graphql/images/d7e155cd-0324-4fbe-8627-39c79c514311___4ae796bea5b35053049fa5bbb6865499.png
request: GET - https://exitocol.vtexassets.com/assets/vtex.file-manager-graphql/images/8b688cfb-58fa-48ed-9bcf-532a8e5afa89___30df24c16b050d5e381eaaf51072d064.png
request: GET - https://exitocol.vtexassets.com/assets/vtex.file-manager-graphql/images/15273707-bbc0-4bed-9e0d-478463ad532e___821d000ea2079d4a29c84a20ef3cf156.png
request: GET - https://exitocol.vtexassets.com/assets/vtex.file-manager-graphql/images/de6bb41a-39f3-4327-9b4d-6e4b9a52a3e0___97b177999c62e82f92fc3d6e10351e41.png
request: GET - https://exitocol.vtexassets.com/assets/vtex.file-manager-graphql/images/9955cd1a-967d-4912-b80a-c85cddc50713___511efbb8b182ef77f07df2c2f52c19b6.png
request: GET - https://exitocol.vtexassets.com/assets/vtex.file-manager-graphql/images/e0855f7b-fce4-47f2-b021-22cdd2490809___1f287e9255bbf220a1967a5fab3e2989.png
request: GET - https://exitocol.vtexassets.com/assets/vtex.file-manager-graphql/images/dacd2f62-ad29-4e29-a163-cbd5d7d4cc74___720afacffee9ae0a33004771bfc78839.png
request: GET - https://exitocol.vtexassets.com/assets/vtex.file-manager-graphql/images/91b958ff-70b1-40bb-9a08-8d9e3c69b40e___3f74d6698f254c1ade7227fcf8ffacba.png
request: GET - https://exitocol.vtexassets.com/assets/vtex.file-manager-graphql/images/a4a28364-db27-47cc-95a3-71c73fb9d9e5___138a80b79ce2230f5e8b91f95924b7b8.png
request: GET - https://static.biggylabs.com.br/javascript/recsys-manual-call.min.js
request: GET - https://io.vtex.com.br/rc/rc.js
request: GET - https://www.googletagmanager.com/gtm.js?id=GTM-WL3VZDV
request: GET - https://www.exito.com/_v/bdw/init?clientHash=exitocol_produccion_pavpr&s=
request: GET - https://connect.facebook.net/en_US/fbevents.js
request: GET - https://exitocol.vtexassets.com/assets/vtex.file-manager-graphql/images/3fdebf00-c4dc-4664-b139-efd6875e2535___25fdd734946edb8fe744f9cfb2cc61eb.png
request: GET - https://exitocol.vtexassets.com/assets/vtex.file-manager-graphql/images/0d540341-e242-47d2-953d-ceeb88db0ae1___5aa7bbe287f80e7e2cda7ab9f5844ad7.png
request: GET - https://exitocol.vtexassets.com/assets/vtex.file-manager-graphql/images/520c93df-92b1-434a-867e-b524d8b39c59___ae313946a0457b2ddaba05d281c28438.png
request: GET - https://exitocol.vtexassets.com/assets/vtex.file-manager-graphql/images/12f2391b-0cd3-4052-9f28-639b91962d9b___0cc68f0861022cf3162eafb4c58e3385.png
request: GET - https://io.vtex.com.br/v3/polyfill.min.js?version=3.89.4&features=Object.values,Object.entries,Object.assign,Array.from,Array.prototype.findIndex,Array.prototype.fill,Array.prototype.find,Array.prototype.flatMap,Array.prototype.includes,String.prototype.startsWith,String.prototype.endsWith,String.prototype.includes,String.prototype.repeat,Symbol,fetch,Promise,Map,WeakMap,Number.isInteger,Number.isNaN,Number.EPSILON,Set,Function.name,URL,IntersectionObserver,Intl.~locale.es-CO&flags=gated
request: GET - https://exitocol.vtexassets.com/_v/public/assets/v1/npm/vtex-render-session@1.9.2/dist/index.min.js?async=2&workspace=master
request: GET - https://exitocol.vtexassets.com/_v/public/assets/v1/npm/regenerator-runtime@0.11.1/runtime.js?async=2&workspace=master
request: GET - https://exitocol.vtexassets.com/_v/public/assets/v1/npm/prop-types@15.7.2/prop-types.min.js?async=2&workspace=master
request: GET - https://exitocol.vtexassets.com/_v/public/assets/v1/npm/react@0.0.0-experimental-94c0244ba/umd/react.production.min.js?async=2&workspace=master
request: GET - https://exitocol.vtexassets.com/_v/public/assets/v1/npm/react-dom@0.0.0-experimental-94c0244ba/umd/react-dom.production.min.js?async=2&workspace=master
request: GET - https://exitocol.vtexassets.com/_v/public/assets/v1/npm/react-dom@0.0.0-experimental-94c0244ba/umd/react-dom-server.browser.production.min.js?async=2&workspace=master
request: GET - https://exitocol.vtexassets.com/_v/public/assets/v1/npm/react-intl@3.9.1/dist/react-intl.min.js?async=2&workspace=master
request: GET - https://exitocol.vtexassets.com/_v/public/assets/v1/npm/history@4.7.2/umd/history.min.js?async=2&workspace=master
request: GET - https://exitocol.vtexassets.com/_v/public/assets/v1/npm/ramda@0.26.1/dist/ramda.min.js?async=2&workspace=master
request: GET - https://exitocol.vtexassets.com/_v/public/assets/v1/npm/lazysizes@5.3.2/plugins/unveilhooks/ls.unveilhooks.min.js?async=2&workspace=master
request: GET - https://exitocol.vtexassets.com/_v/public/assets/v1/npm/lazysizes@5.3.2/lazysizes.min.js?async=2&workspace=master
request: GET - https://exitocol.vtexassets.com/_v/public/assets/v1/npm/fg-loadcss@2.1.0/dist/cssrelpreload.min.js?async=2&workspace=master
request: GET - https://exitocol.vtexassets.com/_v/public/assets/v1/published/vtex.render-runtime@8.132.4/public/react/common.min.js?async=2&workspace=master
request: GET - https://exitocol.vtexassets.com/_v/public/assets/v1/published/vtex.render-runtime@8.132.4/public/react/graphql.min.js?async=2&workspace=master
request: GET - https://exitocol.vtexassets.com/_v/public/assets/v1/published/vtex.render-runtime@8.132.4/public/react/apollo.min.js?async=2&workspace=master
request: GET - https://exitocol.vtexassets.com/_v/public/assets/v1/published/vtex.render-runtime@8.132.4/public/react/index.min.js?async=2&workspace=master
request: GET - https://exitocol.vtexassets.com/_v/public/assets/v1/published/bundle/public/react/asset.min.js?v=1&files=vtex.render-runtime@8.132.4,LayoutContainer&files=vtex.device-detector@0.2.6,common,useDevice,withDevice&files=vtex.css-handles@0.4.4,common,useCssHandles,applyModifiers&files=vtex.styleguide@9.146.1,common,0,Button,ButtonWithIcon,19,ToastContext,Spinner,ToastProvider,EXPERIMENTAL_Modal,IconClose,1,Input,Checkbox&async=2&workspace=master
request: GET - https://exitocol.vtexassets.com/_v/public/assets/v1/published/bundle/public/react/asset.min.js?v=1&files=vtex.styleguide@9.146.1,IconCopy,RadioGroup,33,Tag,IconCaretUp,InputSearch,IconClock,Link&files=exito.icons@2.18.2,common,0,Icon,IconList,CustomIconLoader,DoubleIcon&files=vtex.checkout-resources@0.49.0,common,0,MutationAddToCart,5,MutationUpdateItems,MutationClearOrderFormMessages,6&async=2&workspace=master
request: GET - https://exitocol.vtexassets.com/_v/public/assets/v1/published/bundle/public/react/asset.min.js?v=1&files=vtex.checkout-resources@0.49.0,QueryOrderForm,4,MutationSetManualPrice&files=vtex.checkout-splunk@0.1.0,useSplunk&files=vtex.product-context@0.10.0,common,ProductDispatchContext,useProduct,useProductDispatch,ProductContext,ProductContextProvider&files=vtex.open-graph@1.2.1,common,HomeOpenGraph&files=vtex.pixel-manager@1.8.0,common,0,PixelContext,usePixel,usePixelEventCallback&files=vtex.structured-data@0.9.1,common,SearchAction,0,ProductList&async=2&workspace=master
request: GET - https://exitocol.vtexassets.com/_v/public/assets/v1/published/bundle/public/react/asset.min.js?v=1&files=vtex.css-handles@1.0.0,common,useCustomClasses,0,useCssHandles,createCssHandlesContext,applyModifiers&files=vtex.on-view@1.0.0,common,useOnView&files=vtex.session-client@1.0.2,common,useRenderSession&files=vtex.list-context@0.2.0,common,ListContextProvider,useListContext&files=vtex.visibility-layout@0.2.1,Experimental__VisibilityLayout&files=vtex.product-group-context@0.2.0,ProductGroupContext&files=exito.puntos-colombia@0.1.3,common,0,PointsColText&files=vtex.responsive-values@0.4.2,common,useResponsiveValue,useResponsiveValues&async=2&workspace=master
request: GET - https://exitocol.vtexassets.com/_v/public/assets/v1/published/bundle/public/react/asset.min.js?v=1&files=vtex.slider@0.8.3,common,0,Dots,Slide,Slider,SliderContainer&files=vtex.store-icons@0.18.0,common,IconSearch,IconCaret,Icon,IconClose,IconMenu&files=vtex.sticky-layout@0.3.4,common,0,StickyLayout&files=vtex.stack-layout@0.1.0,index&files=vtex.react-portal@0.4.1,common,0,Overlay&files=vtex.native-types@0.8.0,common,formatIOMessage&async=2&workspace=master
request: GET - https://exitocol.vtexassets.com/_v/public/assets/v1/published/bundle/public/react/asset.min.js?v=1&files=vtex.native-types@0.8.0,IOMessage,IOMessageWithMarkers&files=vtex.order-manager@0.12.0,common,0,OrderForm,OrderQueue&files=exito.rating-by-sellers@0.1.6,common,0,Review&files=vtex.store-resources@0.88.0,common,0,MutationAddToCart,1,MutationUpdateItems,MutationUpdateOrderFormCheckin,MutationUpdateOrderFormProfile,MutationUpdateOrderFormShipping,OrderFormContext,PWAContext,3,QueryOrderForm&async=2&workspace=master
request: GET - https://exitocol.vtexassets.com/_v/public/assets/v1/published/bundle/public/react/asset.min.js?v=1&files=vtex.store-resources@0.88.0,QueryItemsWithSimulation,QueryAutocompleteSearchSuggestions,QuerySuggestionProducts,QueryTopSearches&files=vtex.product-list-context@0.4.1,common,ProductListContext,useProductImpression&files=vtex.format-currency@0.4.1,common,FormattedCurrency&files=vtex.modal-layout@0.13.0,common,ModalContext&files=vtex.product-summary-context@0.9.0,common,ProductSummaryContext&files=vtex.slider-layout@0.22.2,common,SliderLayout&files=vtex.store-drawer@0.16.2,common,Drawer,DrawerTrigger,DrawerHeader,DrawerCloseButton&files=vtex.store-image@0.14.2,common&async=2&workspace=master
request: GET - https://exitocol.vtexassets.com/_v/public/assets/v1/published/bundle/public/react/asset.min.js?v=1&files=vtex.store-image@0.14.2,Image,0,ImageList&files=vtex.rich-text@0.15.0,index&files=vtex.menu@2.34.25,common,0,Menu,MenuItem&files=exito.components@4.24.6,common,0,1,3,4,5,6,8,9,12,2,7,10&async=2&workspace=master
request: GET - https://exitocol.vtexassets.com/_v/public/assets/v1/published/bundle/public/react/asset.min.js?v=1&files=exito.components@4.24.6,index,MainWrapper,MasterDataContextProvider,ContentElement&files=vtex.order-items@0.13.21,common,0,OrderItems&files=exito.utils-ui@0.1.3,common,0,8,GooglePublisherTag,InfoMessage&files=exito.login@4.4.3,common,0,1,LoginContent,LoginLayout,LoginLayoutLoggedIn,LoginLayoutLoggedOut,LoginGreetings,UserName&async=2&workspace=master
request: GET - https://exitocol.vtexassets.com/_v/public/assets/v1/published/bundle/public/react/asset.min.js?v=1&files=exito.header@3.43.2,common,0,HeaderWrapper,1,TabsNavigate,SuperBar,FoodLayoutSelector,Notificador,MinicartQuantity&files=vtex.product-price@1.29.0,common,ListPrice,SellingPrice&files=vtex.store-components@3.162.0,common,Container,7,5,Share,Logo,10,4,SearchBar&async=2&workspace=master
request: GET - https://exitocol.vtexassets.com/_v/public/assets/v1/published/bundle/public/react/asset.min.js?v=1&files=vtex.store-components@3.162.0,CollectionBadges,DiscountBadge,ProductName&files=exito.geolocation@3.16.5,common,0,1,GeolocationWrapper,BaseDependenciesWrapper,ShippingAddressBox&files=vtex.store@2.127.0,common,HomeWrapper,0,StoreWrapper,DefaultChallenge&files=vtex.store-header@2.28.0,common,index,Layout&files=exito.home-components@1.8.2,common,MenuAncla,1,0&async=2&workspace=master
request: GET - https://exitocol.vtexassets.com/_v/public/assets/v1/published/bundle/public/react/asset.min.js?v=1&files=exito.home-components@1.8.2,3,4,CarouselBannerExito,CarouselWithImage,HomeCategoryTitle,CarouselGridCategories,CarouselTitle&files=vtex.flex-layout@0.20.0,common,0,FlexLayout,Col&files=exito.category-menu@3.9.6,common,2,CategoryMenu,1,3,5,0,4,DrawerMenuExito&files=vtex.product-summary@2.80.1,common&async=2&workspace=master
request: GET - https://exitocol.vtexassets.com/_v/public/assets/v1/published/bundle/public/react/asset.min.js?v=1&files=vtex.product-summary@2.80.1,0,ProductSummaryListWithoutQuery,ProductSummaryCustom,ProductSummaryImage,ProductSummaryName&files=vtexventures.livestreaming-free@0.18.0,common,17,ClientLivestreaming,0,5,ClientWrapper,1,8,7,ClientProductList,ClientHighlightProduct,ClientLike,ClientProductToCart,ClientModalQuestion,ClientLive,ClientViewers&async=2&workspace=master
request: GET - https://exitocol.vtexassets.com/_v/public/assets/v1/published/bundle/public/react/asset.min.js?v=1&files=vtexventures.livestreaming-free@0.18.0,ClientProductCarousel,22,3,4,ClientChat,ClientChatCarouselWrapper,ClientProductButton,ClientProductChatCarousel&files=vtex.search@2.13.1,common,Autocomplete&async=2&workspace=master
request: GET - https://exitocol.vtexassets.com/_v/public/assets/v1/published/bundle/public/react/asset.min.js?v=1&files=vtex.render-runtime@8.132.4,ExtensionContainer&files=vtex.styleguide@9.146.1,IconArrowBack,2,4,Tooltip,withToast,15,Dropdown,NumericStepper&files=vtex.checkout-resources@0.49.0,Utils&files=vtex.css-handles@1.0.0,withCssHandles&files=vtex.admin-pages@4.49.5,common,6,18,HighlightOverlay&files=vtex.google-tag-manager@2.10.0,index&files=biggy.pixel@1.5.2,common,0,index&files=vtex.request-capture@2.2.2,index&async=2&workspace=master
request: GET - https://exitocol.vtexassets.com/_v/public/assets/v1/published/bundle/public/react/asset.min.js?v=1&files=exito.pixels@0.0.4,index&files=vtex.sae-analytics@2.9.1,index&files=braindw.braindw-io@0.8.14,common,0,index&files=vtex.facebook-fbe@1.5.0,common,1,FbePixel&files=vtex.react-vtexid@4.49.0,common,AuthServiceLazy,AuthStateLazy,getAbsReturnUrl,1,0,useRedirectAfterLogin,useSendAccessKey&files=vtex.store-icons@0.18.0,IconArrowBack,IconEyeSight&files=vtex.product-quantity@1.8.1,common,ProductSummaryQuantity&files=vtex.modal-layout@0.13.0,ModalTrigger&async=2&workspace=master
request: GET - https://exitocol.vtexassets.com/_v/public/assets/v1/published/bundle/public/react/asset.min.js?v=1&files=vtex.login@2.52.1,common,0,2,1,LoginContent&files=vtex.store-link@0.8.1,common,0,ProductLink&files=exito.header@3.43.2,MultipleSearchModalContent&files=exito.attended-components@1.1.1,ButtonAttended&files=vtex.product-price@1.29.0,0,Installments,Savings&files=vtex.store-components@3.162.0,SKUSelector,8,2,ProductImages&files=vtex.add-to-cart-button@0.28.0,common,0,Wrapper&files=vtex.product-summary@2.80.1,ProductSummarySKUSelector&async=2&workspace=master
request: GET - https://exitocol.vtexassets.com/_v/public/assets/v1/published/bundle/public/react/asset.min.js?v=1&files=vtexventures.livestreaming-free@0.18.0,ClientLayoutSelector,ClientSelectorBanner,10,9,15,ClientIndex,ClientHighlightWrapper,ModalTriggerCustom,ClientSelectorQuickView,ClientTextIntl,ClientButtonPreviewInvisible,ClientButtonPreview&async=2&workspace=master
response: 200 - https://www.exito.com/_v/bdw/init?clientHash=exitocol_produccion_pavpr&s=
response: 200 - https://connect.facebook.net/en_US/fbevents.js
response: 200 - https://exitocol.vtexassets.com/assets/vtex.file-manager-graphql/images/f5372984-7b14-4b17-aef8-2a2f297bc71b___acb5a1c8bf2e9fe39f38e79cee8616a8.png
response: 200 - https://exitocol.vtexassets.com/assets/vtex.file-manager-graphql/images/a2966395-1628-4099-8133-b774001913ba___25a668e0026b920a5e29f3928598dc05.png
response: 200 - https://exitocol.vtexassets.com/assets/vtex.file-manager-graphql/images/20cb42d0-699a-4b16-b1b7-58cc69e4d1a3___6436aa2edc36887cdfecb3bb4df9af82.png
response: 200 - https://www.googletagmanager.com/gtm.js?id=GTM-WL3VZDV
response: 200 - https://io.vtex.com.br/rc/rc.js
response: 200 - https://exitocol.vtexassets.com/_v/public/assets/v1/bundle/css/asset.min.css?v=3&files=theme,exitocol.store@8.16.1$style.common,exitocol.store@8.16.1$style.small,exitocol.store@8.16.1$style.notsmall,exitocol.store@8.16.1$style.large,exitocol.store@8.16.1$style.xlarge&files=fonts,989db2448f309bfdd99b513f37c84b8f5794d2b5&files=npm,animate.css@3.7.0/animate.min.css&files=react~vtex.render-runtime@8.132.4,common&files=react~vtex.store-components@3.162.0,Container,Share,Logo,4,SearchBar,DiscountBadge,SKUSelector,2,ProductImages&files=react~vtex.styleguide@9.146.1,0,Spinner,EXPERIMENTAL_Modal,1,Tooltip,15,NumericStepper&files=react~exito.icons@2.18.2,0,CustomIconLoader,DoubleIcon&files=react~exito.components@4.24.6,index&files=react~exito.geolocation@3.16.5,1&files=react~exito.utils-ui@0.1.3,GooglePublisherTag,InfoMessage&files=react~exito.home-components@1.8.2,MenuAncla,0,3,CarouselWithImage,HomeCategoryTitle,CarouselGridCategories,CarouselTitle&files=react~vtex.slider@0.8.3,0&files=react~exito.login@4.4.3,1,LoginGreetings&files=react~vtex.admin-pages@4.49.5,HighlightOverlay&files=react~vtex.flex-layout@0.20.0,0&files=react~vtexventures.livestreaming-free@0.18.0,0,ClientWrapper,9,8,15,ClientIndex,ClientProductList,ClientProductToCart,ClientModalQuestion,ClientChat,ModalTriggerCustom,ClientProductChatCarousel&files=react~exito.header@3.43.2,0&files=react~vtex.login@2.52.1,1&files=react~vtex.rich-text@0.15.0,index&files=react~exito.attended-components@1.1.1,ButtonAttended&files=react~exito.category-menu@3.9.6,CategoryMenu,0,DrawerMenuExito&files=react~vtex.product-summary@2.80.1,ProductSummaryImage&files=react~vtex.search@2.13.1,Autocomplete&files=overrides,exitocol.autogestion-estilos-exito@0.3.0$overrides,vtexventures.livestreaming-free@0.18.0$overrides,vtex.product-list@0.35.1$overrides,vtex.minicart@2.63.5$overrides,exito.wow@0.3.2$overrides,vtex.shelf-components@0.10.0$overrides,exitocol.store@8.16.1$overrides&workspace=master
response: 200 - https://exitocol.vtexassets.com/assets/vtex.file-manager-graphql/images/8b688cfb-58fa-48ed-9bcf-532a8e5afa89___30df24c16b050d5e381eaaf51072d064.png
response: 200 - https://exitocol.vtexassets.com/assets/vtex.file-manager-graphql/images/91b958ff-70b1-40bb-9a08-8d9e3c69b40e___3f74d6698f254c1ade7227fcf8ffacba.png
response: 200 - https://exitocol.vtexassets.com/assets/vtex.file-manager-graphql/images/dacd2f62-ad29-4e29-a163-cbd5d7d4cc74___720afacffee9ae0a33004771bfc78839.png
response: 200 - https://exitocol.vtexassets.com/assets/vtex.file-manager-graphql/images/9955cd1a-967d-4912-b80a-c85cddc50713___511efbb8b182ef77f07df2c2f52c19b6.png
response: 200 - https://exitocol.vtexassets.com/assets/vtex.file-manager-graphql/images/e0855f7b-fce4-47f2-b021-22cdd2490809___1f287e9255bbf220a1967a5fab3e2989.png
request: GET - https://www.googleoptimize.com/optimize.js?id=GTM-TL763SR
request: GET - https://www.google-analytics.com/analytics.js
request: GET - https://www.googleadservices.com/pagead/conversion_async.js
request: GET - https://9831359.fls.doubleclick.net/activityi;src=9831359;type=pages0;cat=paso10;ord=1275321005571;gtm=2wg8m0;auiddc=378319731.1661381686;u1=https%3A%2F%2Fwww.exito.com%2F;~oref=https%3A%2F%2Fwww.exito.com%2F?
request: GET - https://www.googletagmanager.com/gtag/js?id=G-W617R65N74&l=dataLayer&cx=c
request: GET - https://static.hotjar.com/c/hotjar-1473829.js?sv=6
request: GET - https://www.sc.pages02.net/lp/static/js/iMAWebCookie.js?72712604-154f3293612-df4cba773885eb54dfcebd294a039c37&h=www.pages02.net
request: GET - https://www.exito.com/files/sdk.min.js
request: GET - https://www.googletagmanager.com/gtag/js?id=DC-11895978
response: 200 - https://exitocol.vtexassets.com/assets/vtex.file-manager-graphql/images/a4a28364-db27-47cc-95a3-71c73fb9d9e5___138a80b79ce2230f5e8b91f95924b7b8.png
response: 200 - https://exitocol.vtexassets.com/assets/vtex.file-manager-graphql/images/15273707-bbc0-4bed-9e0d-478463ad532e___821d000ea2079d4a29c84a20ef3cf156.png
response: 200 - https://exitocol.vtexassets.com/assets/vtex.file-manager-graphql/images/d7e155cd-0324-4fbe-8627-39c79c514311___4ae796bea5b35053049fa5bbb6865499.png
response: 200 - https://exitocol.vtexassets.com/assets/vtex.file-manager-graphql/images/2546d905-46ee-4e5a-a81c-1bcedfb151ca___4dbd3b28e1cbd36559e0e09c78eb51db.jpg
response: 200 - https://exitocol.vtexassets.com/assets/vtex.file-manager-graphql/images/de6bb41a-39f3-4327-9b4d-6e4b9a52a3e0___97b177999c62e82f92fc3d6e10351e41.png
response: 200 - https://exitocol.vtexassets.com/assets/vtex.file-manager-graphql/images/ed5f0eb4-c5ca-421c-9495-78f8f4f35211___6c1653313b586ad8a357ba05353f84f4.png
response: 200 - https://exitocol.vtexassets.com/assets/vtex.file-manager-graphql/images/12f2391b-0cd3-4052-9f28-639b91962d9b___0cc68f0861022cf3162eafb4c58e3385.png
response: 200 - https://exitocol.vtexassets.com/assets/vtex.file-manager-graphql/images/520c93df-92b1-434a-867e-b524d8b39c59___ae313946a0457b2ddaba05d281c28438.png
response: 200 - https://exitocol.vtexassets.com/assets/vtex.file-manager-graphql/images/0d540341-e242-47d2-953d-ceeb88db0ae1___5aa7bbe287f80e7e2cda7ab9f5844ad7.png
response: 200 - https://exitocol.vtexassets.com/assets/vtex.file-manager-graphql/images/3fdebf00-c4dc-4664-b139-efd6875e2535___25fdd734946edb8fe744f9cfb2cc61eb.png
response: 200 - https://exitocol.vtexassets.com/_v/public/assets/v1/npm/vtex-render-session@1.9.2/dist/index.min.js?async=2&workspace=master
response: 200 - https://exitocol.vtexassets.com/_v/public/assets/v1/npm/regenerator-runtime@0.11.1/runtime.js?async=2&workspace=master
response: 200 - https://exitocol.vtexassets.com/_v/public/assets/v1/npm/react@0.0.0-experimental-94c0244ba/umd/react.production.min.js?async=2&workspace=master
response: 200 - https://exitocol.vtexassets.com/_v/public/assets/v1/npm/react-dom@0.0.0-experimental-94c0244ba/umd/react-dom.production.min.js?async=2&workspace=master
response: 200 - https://exitocol.vtexassets.com/_v/public/assets/v1/npm/prop-types@15.7.2/prop-types.min.js?async=2&workspace=master
response: 200 - https://exitocol.vtexassets.com/_v/public/assets/v1/npm/react-dom@0.0.0-experimental-94c0244ba/umd/react-dom-server.browser.production.min.js?async=2&workspace=master
request: GET - https://www.googletagmanager.com/gtag/destination?id=G-W617R65N74&l=dataLayer&cx=c
response: 200 - https://exitocol.vtexassets.com/_v/public/assets/v1/npm/react-intl@3.9.1/dist/react-intl.min.js?async=2&workspace=master
response: 200 - https://exitocol.vtexassets.com/_v/public/assets/v1/npm/history@4.7.2/umd/history.min.js?async=2&workspace=master
response: 200 - https://exitocol.vtexassets.com/_v/public/assets/v1/npm/lazysizes@5.3.2/plugins/unveilhooks/ls.unveilhooks.min.js?async=2&workspace=master
response: 200 - https://exitocol.vtexassets.com/_v/public/assets/v1/npm/ramda@0.26.1/dist/ramda.min.js?async=2&workspace=master
response: 200 - https://exitocol.vtexassets.com/_v/public/assets/v1/npm/lazysizes@5.3.2/lazysizes.min.js?async=2&workspace=master
response: 200 - https://exitocol.vtexassets.com/_v/public/assets/v1/npm/fg-loadcss@2.1.0/dist/cssrelpreload.min.js?async=2&workspace=master
response: 200 - https://exitocol.vtexassets.com/_v/public/assets/v1/published/vtex.render-runtime@8.132.4/public/react/common.min.js?async=2&workspace=master
response: 200 - https://static.biggylabs.com.br/javascript/recsys-manual-call.min.js
response: 200 - https://exitocol.vtexassets.com/_v/public/assets/v1/published/vtex.render-runtime@8.132.4/public/react/apollo.min.js?async=2&workspace=master
response: 200 - https://exitocol.vtexassets.com/_v/public/assets/v1/published/vtex.render-runtime@8.132.4/public/react/graphql.min.js?async=2&workspace=master
response: 200 - https://exitocol.vtexassets.com/_v/public/assets/v1/published/bundle/public/react/asset.min.js?v=1&files=vtex.render-runtime@8.132.4,LayoutContainer&files=vtex.device-detector@0.2.6,common,useDevice,withDevice&files=vtex.css-handles@0.4.4,common,useCssHandles,applyModifiers&files=vtex.styleguide@9.146.1,common,0,Button,ButtonWithIcon,19,ToastContext,Spinner,ToastProvider,EXPERIMENTAL_Modal,IconClose,1,Input,Checkbox&async=2&workspace=master
response: 200 - https://exitocol.vtexassets.com/_v/public/assets/v1/published/vtex.render-runtime@8.132.4/public/react/index.min.js?async=2&workspace=master
response: 200 - https://exitocol.vtexassets.com/_v/public/assets/v1/published/bundle/public/react/asset.min.js?v=1&files=vtex.checkout-resources@0.49.0,QueryOrderForm,4,MutationSetManualPrice&files=vtex.checkout-splunk@0.1.0,useSplunk&files=vtex.product-context@0.10.0,common,ProductDispatchContext,useProduct,useProductDispatch,ProductContext,ProductContextProvider&files=vtex.open-graph@1.2.1,common,HomeOpenGraph&files=vtex.pixel-manager@1.8.0,common,0,PixelContext,usePixel,usePixelEventCallback&files=vtex.structured-data@0.9.1,common,SearchAction,0,ProductList&async=2&workspace=master
response: 200 - https://io.vtex.com.br/v3/polyfill.min.js?version=3.89.4&features=Object.values,Object.entries,Object.assign,Array.from,Array.prototype.findIndex,Array.prototype.fill,Array.prototype.find,Array.prototype.flatMap,Array.prototype.includes,String.prototype.startsWith,String.prototype.endsWith,String.prototype.includes,String.prototype.repeat,Symbol,fetch,Promise,Map,WeakMap,Number.isInteger,Number.isNaN,Number.EPSILON,Set,Function.name,URL,IntersectionObserver,Intl.~locale.es-CO&flags=gated
response: 200 - https://exitocol.vtexassets.com/_v/public/assets/v1/published/bundle/public/react/asset.min.js?v=1&files=vtex.slider@0.8.3,common,0,Dots,Slide,Slider,SliderContainer&files=vtex.store-icons@0.18.0,common,IconSearch,IconCaret,Icon,IconClose,IconMenu&files=vtex.sticky-layout@0.3.4,common,0,StickyLayout&files=vtex.stack-layout@0.1.0,index&files=vtex.react-portal@0.4.1,common,0,Overlay&files=vtex.native-types@0.8.0,common,formatIOMessage&async=2&workspace=master
request: POST - https://www.exito.com/api/sessions?items=account.id,account.accountName,store.channel,store.countryCode,store.cultureInfo,store.currencyCode,store.currencySymbol,store.admin_cultureInfo,creditControl.creditAccounts,creditControl.deadlines,creditControl.minimumInstallmentValue,authentication.storeUserId,authentication.storeUserEmail,profile.firstName,profile.document,profile.email,profile.id,profile.isAuthenticated,profile.lastName,profile.phone,public.favoritePickup,public.utm_source,public.utm_medium,public.utm_campaign,public.utmi_cp,public.utmi_p,public.utmi_pc&__bindingId=2f829b4f-604f-499c-9ffb-2c5590f076db
response: 200 - https://exitocol.vtexassets.com/_v/public/assets/v1/published/bundle/public/react/asset.min.js?v=1&files=vtex.native-types@0.8.0,IOMessage,IOMessageWithMarkers&files=vtex.order-manager@0.12.0,common,0,OrderForm,OrderQueue&files=exito.rating-by-sellers@0.1.6,common,0,Review&files=vtex.store-resources@0.88.0,common,0,MutationAddToCart,1,MutationUpdateItems,MutationUpdateOrderFormCheckin,MutationUpdateOrderFormProfile,MutationUpdateOrderFormShipping,OrderFormContext,PWAContext,3,QueryOrderForm&async=2&workspace=master
response: 200 - https://exitocol.vtexassets.com/_v/public/assets/v1/published/bundle/public/react/asset.min.js?v=1&files=vtex.store-resources@0.88.0,QueryItemsWithSimulation,QueryAutocompleteSearchSuggestions,QuerySuggestionProducts,QueryTopSearches&files=vtex.product-list-context@0.4.1,common,ProductListContext,useProductImpression&files=vtex.format-currency@0.4.1,common,FormattedCurrency&files=vtex.modal-layout@0.13.0,common,ModalContext&files=vtex.product-summary-context@0.9.0,common,ProductSummaryContext&files=vtex.slider-layout@0.22.2,common,SliderLayout&files=vtex.store-drawer@0.16.2,common,Drawer,DrawerTrigger,DrawerHeader,DrawerCloseButton&files=vtex.store-image@0.14.2,common&async=2&workspace=master
response: 200 - https://exitocol.vtexassets.com/_v/public/assets/v1/published/bundle/public/react/asset.min.js?v=1&files=exito.components@4.24.6,index,MainWrapper,MasterDataContextProvider,ContentElement&files=vtex.order-items@0.13.21,common,0,OrderItems&files=exito.utils-ui@0.1.3,common,0,8,GooglePublisherTag,InfoMessage&files=exito.login@4.4.3,common,0,1,LoginContent,LoginLayout,LoginLayoutLoggedIn,LoginLayoutLoggedOut,LoginGreetings,UserName&async=2&workspace=master
response: 200 - https://exitocol.vtexassets.com/_v/public/assets/v1/published/bundle/public/react/asset.min.js?v=1&files=vtex.styleguide@9.146.1,IconCopy,RadioGroup,33,Tag,IconCaretUp,InputSearch,IconClock,Link&files=exito.icons@2.18.2,common,0,Icon,IconList,CustomIconLoader,DoubleIcon&files=vtex.checkout-resources@0.49.0,common,0,MutationAddToCart,5,MutationUpdateItems,MutationClearOrderFormMessages,6&async=2&workspace=master
response: 200 - https://exitocol.vtexassets.com/_v/public/assets/v1/published/bundle/public/react/asset.min.js?v=1&files=vtex.css-handles@1.0.0,common,useCustomClasses,0,useCssHandles,createCssHandlesContext,applyModifiers&files=vtex.on-view@1.0.0,common,useOnView&files=vtex.session-client@1.0.2,common,useRenderSession&files=vtex.list-context@0.2.0,common,ListContextProvider,useListContext&files=vtex.visibility-layout@0.2.1,Experimental__VisibilityLayout&files=vtex.product-group-context@0.2.0,ProductGroupContext&files=exito.puntos-colombia@0.1.3,common,0,PointsColText&files=vtex.responsive-values@0.4.2,common,useResponsiveValue,useResponsiveValues&async=2&workspace=master
response: 200 - https://exitocol.vtexassets.com/_v/public/assets/v1/published/bundle/public/react/asset.min.js?v=1&files=exito.header@3.43.2,common,0,HeaderWrapper,1,TabsNavigate,SuperBar,FoodLayoutSelector,Notificador,MinicartQuantity&files=vtex.product-price@1.29.0,common,ListPrice,SellingPrice&files=vtex.store-components@3.162.0,common,Container,7,5,Share,Logo,10,4,SearchBar&async=2&workspace=master
response: 200 - https://exitocol.vtexassets.com/_v/public/assets/v1/published/bundle/public/react/asset.min.js?v=1&files=vtex.render-runtime@8.132.4,ExtensionContainer&files=vtex.styleguide@9.146.1,IconArrowBack,2,4,Tooltip,withToast,15,Dropdown,NumericStepper&files=vtex.checkout-resources@0.49.0,Utils&files=vtex.css-handles@1.0.0,withCssHandles&files=vtex.admin-pages@4.49.5,common,6,18,HighlightOverlay&files=vtex.google-tag-manager@2.10.0,index&files=biggy.pixel@1.5.2,common,0,index&files=vtex.request-capture@2.2.2,index&async=2&workspace=master
response: 200 - https://exitocol.vtexassets.com/_v/public/assets/v1/published/bundle/public/react/asset.min.js?v=1&files=vtex.product-summary@2.80.1,0,ProductSummaryListWithoutQuery,ProductSummaryCustom,ProductSummaryImage,ProductSummaryName&files=vtexventures.livestreaming-free@0.18.0,common,17,ClientLivestreaming,0,5,ClientWrapper,1,8,7,ClientProductList,ClientHighlightProduct,ClientLike,ClientProductToCart,ClientModalQuestion,ClientLive,ClientViewers&async=2&workspace=master
response: 200 - https://exitocol.vtexassets.com/_v/public/assets/v1/published/bundle/public/react/asset.min.js?v=1&files=vtex.store-components@3.162.0,CollectionBadges,DiscountBadge,ProductName&files=exito.geolocation@3.16.5,common,0,1,GeolocationWrapper,BaseDependenciesWrapper,ShippingAddressBox&files=vtex.store@2.127.0,common,HomeWrapper,0,StoreWrapper,DefaultChallenge&files=vtex.store-header@2.28.0,common,index,Layout&files=exito.home-components@1.8.2,common,MenuAncla,1,0&async=2&workspace=master
response: 200 - https://exitocol.vtexassets.com/_v/public/assets/v1/published/bundle/public/react/asset.min.js?v=1&files=exito.pixels@0.0.4,index&files=vtex.sae-analytics@2.9.1,index&files=braindw.braindw-io@0.8.14,common,0,index&files=vtex.facebook-fbe@1.5.0,common,1,FbePixel&files=vtex.react-vtexid@4.49.0,common,AuthServiceLazy,AuthStateLazy,getAbsReturnUrl,1,0,useRedirectAfterLogin,useSendAccessKey&files=vtex.store-icons@0.18.0,IconArrowBack,IconEyeSight&files=vtex.product-quantity@1.8.1,common,ProductSummaryQuantity&files=vtex.modal-layout@0.13.0,ModalTrigger&async=2&workspace=master
response: 200 - https://exitocol.vtexassets.com/_v/public/assets/v1/published/bundle/public/react/asset.min.js?v=1&files=vtex.store-image@0.14.2,Image,0,ImageList&files=vtex.rich-text@0.15.0,index&files=vtex.menu@2.34.25,common,0,Menu,MenuItem&files=exito.components@4.24.6,common,0,1,3,4,5,6,8,9,12,2,7,10&async=2&workspace=master
response: 200 - https://exitocol.vtexassets.com/_v/public/assets/v1/published/bundle/public/react/asset.min.js?v=1&files=vtexventures.livestreaming-free@0.18.0,ClientLayoutSelector,ClientSelectorBanner,10,9,15,ClientIndex,ClientHighlightWrapper,ModalTriggerCustom,ClientSelectorQuickView,ClientTextIntl,ClientButtonPreviewInvisible,ClientButtonPreview&async=2&workspace=master
response: 200 - https://exitocol.vtexassets.com/_v/public/assets/v1/published/bundle/public/react/asset.min.js?v=1&files=vtex.login@2.52.1,common,0,2,1,LoginContent&files=vtex.store-link@0.8.1,common,0,ProductLink&files=exito.header@3.43.2,MultipleSearchModalContent&files=exito.attended-components@1.1.1,ButtonAttended&files=vtex.product-price@1.29.0,0,Installments,Savings&files=vtex.store-components@3.162.0,SKUSelector,8,2,ProductImages&files=vtex.add-to-cart-button@0.28.0,common,0,Wrapper&files=vtex.product-summary@2.80.1,ProductSummarySKUSelector&async=2&workspace=master
response: 200 - https://exitocol.vtexassets.com/_v/public/assets/v1/published/bundle/public/react/asset.min.js?v=1&files=exito.home-components@1.8.2,3,4,CarouselBannerExito,CarouselWithImage,HomeCategoryTitle,CarouselGridCategories,CarouselTitle&files=vtex.flex-layout@0.20.0,common,0,FlexLayout,Col&files=exito.category-menu@3.9.6,common,2,CategoryMenu,1,3,5,0,4,DrawerMenuExito&files=vtex.product-summary@2.80.1,common&async=2&workspace=master
response: 200 - https://exitocol.vtexassets.com/_v/public/assets/v1/published/bundle/public/react/asset.min.js?v=1&files=vtexventures.livestreaming-free@0.18.0,ClientProductCarousel,22,3,4,ClientChat,ClientChatCarouselWrapper,ClientProductButton,ClientProductChatCarousel&files=vtex.search@2.13.1,common,Autocomplete&async=2&workspace=master
request: GET - https://exitocol.vtexassets.com/assets/vtex.file-manager-graphql/images/d34d990a-6e51-438f-b163-438438a97a6e___50dc4199e8020554de79a91123175966.svg
request: GET - https://fonts.googleapis.com/css2?family=Poppins:wght@300;400;500;600;700&display=swap
request: OPTIONS - https://sp.vtex.com/event-api/v1/exitocol/event
request: GET - https://connect.facebook.net/signals/plugins/identity.js?v=2.9.77
request: GET - https://connect.facebook.net/signals/config/297595067381717?v=2.9.77&r=stable
response: 200 - https://www.googletagmanager.com/gtag/js?id=G-W617R65N74&l=dataLayer&cx=c
response: 200 - https://www.googletagmanager.com/gtag/js?id=DC-11895978
response: 200 - https://www.exito.com/files/sdk.min.js
response: 200 - https://www.googletagmanager.com/gtag/destination?id=G-W617R65N74&l=dataLayer&cx=c
response: 200 - https://www.google-analytics.com/analytics.js
response: 200 - https://www.googleadservices.com/pagead/conversion_async.js
response: 302 - https://9831359.fls.doubleclick.net/activityi;src=9831359;type=pages0;cat=paso10;ord=1275321005571;gtm=2wg8m0;auiddc=378319731.1661381686;u1=https%3A%2F%2Fwww.exito.com%2F;~oref=https%3A%2F%2Fwww.exito.com%2F?
request: GET - https://9831359.fls.doubleclick.net/activityi;dc_pre=CMiBgovJ4PkCFZbuhwodQNcFBA;src=9831359;type=pages0;cat=paso10;ord=1275321005571;gtm=2wg8m0;auiddc=378319731.1661381686;u1=https%3A%2F%2Fwww.exito.com%2F;~oref=https%3A%2F%2Fwww.exito.com%2F?
response: 201 - https://www.exito.com/api/sessions?items=account.id,account.accountName,store.channel,store.countryCode,store.cultureInfo,store.currencyCode,store.currencySymbol,store.admin_cultureInfo,creditControl.creditAccounts,creditControl.deadlines,creditControl.minimumInstallmentValue,authentication.storeUserId,authentication.storeUserEmail,profile.firstName,profile.document,profile.email,profile.id,profile.isAuthenticated,profile.lastName,profile.phone,public.favoritePickup,public.utm_source,public.utm_medium,public.utm_campaign,public.utmi_cp,public.utmi_p,public.utmi_pc&__bindingId=2f829b4f-604f-499c-9ffb-2c5590f076db
request: POST - https://analytics.google.com/g/collect?v=2&tid=G-W617R65N74&gtm=2oe8m0&_p=744451854&_gaz=1&cid=2049582821.1661381688&ul=es-mx&sr=800x600&_z=ccd.v9B&_s=1&sid=1661381687&sct=1&seg=0&dl=https%3A%2F%2Fwww.exito.com%2F&dt=Compra%20Online%20en%20Colombia%20%7C%20exito.com&en=page_view&_fv=1&_nsi=1&_ss=1
request: POST - https://stats.g.doubleclick.net/g/collect?v=2&tid=G-W617R65N74&cid=2049582821.1661381688&gtm=2oe8m0&aip=1
request: GET - https://www.google.com.mx/ads/ga-audiences?v=1&t=sr&slf_rd=1&_r=4&tid=G-W617R65N74&cid=2049582821.1661381688&gtm=2oe8m0&aip=1&z=220491702
response: 200 - https://www.googleoptimize.com/optimize.js?id=GTM-TL763SR
response: 200 - https://static.hotjar.com/c/hotjar-1473829.js?sv=6
request: GET - https://googleads.g.doubleclick.net/pagead/viewthroughconversion/952230548/?random=1661381688045&cv=9&fst=1661381688045&num=1&label=ocHtCLrD5n4QlMWHxgM&bg=ffffff&guid=ON&resp=GooglemKTybQhCsO&u_h=600&u_w=800&u_ah=600&u_aw=800&u_cd=24&u_his=2&u_tz=-300&u_java=false&u_nplug=0&u_nmime=0&gtm=2wg8m0&sendb=1&ig=1&frm=0&url=https%3A%2F%2Fwww.exito.com%2F&tiba=Compra%20Online%20en%20Colombia%20%7C%20exito.com&auid=378319731.1661381686&hn=www.googleadservices.com&async=1&rfmt=3&fmt=4
request: OPTIONS - https://device-api.indigitall.com/v1/browser?appKey=46d20abf-8c76-457c-bfb6-d8baa01f24c1
response: 200 - https://exitocol.vtexassets.com/assets/vtex.file-manager-graphql/images/d34d990a-6e51-438f-b163-438438a97a6e___50dc4199e8020554de79a91123175966.svg
request: POST - https://www.google-analytics.com/j/collect?v=1&_v=j96&a=744451854&t=pageview&_s=1&dl=https%3A%2F%2Fwww.exito.com%2F&dp=%2F&ul=es-mx&de=UTF-8&dt=Compra%20Online%20en%20Colombia%20%7C%20exito.com&sd=24-bit&sr=800x600&vp=1200x800&je=0&exp=x0u4RLH3QwqPcTyUwhU0WA.0&_u=aADAAEABQAAAAC~&jid=2087030841&gjid=1566534824&cid=2049582821.1661381688&tid=UA-130949096-2&_gid=2002015902.1661381688&_r=1&gtm=2wg8m0WL3VZDV&cd6=Web&z=952704083
request: POST - https://stats.g.doubleclick.net/j/collect?t=dc&aip=1&_r=3&v=1&_v=j96&tid=UA-227514148-1&cid=2049582821.1661381688&jid=132846659&gjid=1692402218&_gid=2002015902.1661381688&_u=aCDAgEABQAAAAG~&z=114202571
request: GET - https://www.google-analytics.com/collect?v=1&_v=j96&a=744451854&t=pageview&_s=1&dl=https%3A%2F%2Fwww.exito.com%2F&ul=es-mx&de=UTF-8&dt=Compra%20Online%20en%20Colombia%20%7C%20exito.com&sd=24-bit&sr=800x600&vp=1200x800&je=0&_u=aCDAgEABQAAAAC~&jid=132846659&gjid=1692402218&cid=2049582821.1661381688&tid=UA-227514148-1&_gid=2002015902.1661381688&gtm=2wg8m0WL3VZDV&z=1890467062
response: 200 - https://fonts.googleapis.com/css2?family=Poppins:wght@300;400;500;600;700&display=swap
response: 200 - https://www.sc.pages02.net/lp/static/js/iMAWebCookie.js?72712604-154f3293612-df4cba773885eb54dfcebd294a039c37&h=www.pages02.net
request: GET - https://fonts.gstatic.com/s/poppins/v20/pxiByp8kv8JHgFVrLCz7Z1xlFQ.woff2
request: GET - https://fonts.gstatic.com/s/poppins/v20/pxiByp8kv8JHgFVrLGT9Z1xlFQ.woff2
request: GET - https://fonts.gstatic.com/s/poppins/v20/pxiByp8kv8JHgFVrLEj6Z1xlFQ.woff2
request: GET - https://fonts.gstatic.com/s/poppins/v20/pxiEyp8kv8JHgFVrJJfecg.woff2
request: GET - https://tags.bkrtx.com/js/bk-coretag.js
request: GET - https://www.exito.com/_v/public/graphql/v1?workspace=master&maxAge=short&appsEtag=remove&domain=store&locale=es-CO&__bindingId=2f829b4f-604f-499c-9ffb-2c5590f076db&operationName=pwaData&variables=%7B%7D&extensions=%7B%22persistedQuery%22%3A%7B%22version%22%3A1%2C%22sha256Hash%22%3A%222c1ee2053cec1a7782c40dd2207f70c4906c5aca5387c75d298cc5bbddf50347%22%2C%22sender%22%3A%22vtex.store-resources%400.x%22%2C%22provider%22%3A%22vtex.pwa-graphql%401.x%22%7D%7D
request: GET - https://www.exito.com/_v/public/graphql/v1?workspace=master&maxAge=short&appsEtag=remove&domain=store&locale=es-CO&__bindingId=2f829b4f-604f-499c-9ffb-2c5590f076db&operationName=pwaData&variables=%7B%7D&extensions=%7B%22persistedQuery%22%3A%7B%22version%22%3A1%2C%22sha256Hash%22%3A%22bed31d2983a300e0778a1012ea2fdbd03c435ff4181c05424c7742a0d613f791%22%2C%22sender%22%3A%22vtex.store-resources%400.x%22%2C%22provider%22%3A%22vtex.pwa-graphql%401.x%22%7D%7D
request: GET - https://www.exito.com/_v/public/graphql/v1?workspace=master&maxAge=short&appsEtag=remove&domain=store&locale=es-CO&__bindingId=2f829b4f-604f-499c-9ffb-2c5590f076db&operationName=pwaData&variables=%7B%7D&extensions=%7B%22persistedQuery%22%3A%7B%22version%22%3A1%2C%22sha256Hash%22%3A%22ffbefc68630109f29ac818199b9896c31200fef3e7f8bddf40b2de374e7daaa6%22%2C%22sender%22%3A%22vtex.store-resources%400.x%22%2C%22provider%22%3A%22vtex.pwa-graphql%401.x%22%7D%7D
request: GET - https://www.exito.com/_v/public/graphql/v1?workspace=master&maxAge=short&appsEtag=remove&domain=store&locale=es-CO&__bindingId=2f829b4f-604f-499c-9ffb-2c5590f076db&operationName=pwaData&variables=%7B%7D&extensions=%7B%22persistedQuery%22%3A%7B%22version%22%3A1%2C%22sha256Hash%22%3A%222a0e4b6821d89f26e75f15ce64d9f4abed3e5e5e2b4036c8d857d11c97e9f424%22%2C%22sender%22%3A%22vtex.store-resources%400.x%22%2C%22provider%22%3A%22vtex.pwa-graphql%401.x%22%7D%7D
request: GET - https://www.exito.com/register.js?&scope=
request: POST - https://www.exito.com/_v/private/graphql/v1?workspace=master&maxAge=long&appsEtag=remove&domain=store&locale=es-CO&__bindingId=2f829b4f-604f-499c-9ffb-2c5590f076db
request: POST - https://www.exito.com/_v/private/graphql/v1?workspace=master&maxAge=long&appsEtag=remove&domain=store&locale=es-CO&__bindingId=2f829b4f-604f-499c-9ffb-2c5590f076db
request: GET - https://www.exito.com/_v/public/graphql/v1?workspace=master&maxAge=short&appsEtag=remove&domain=store&locale=es-CO&__bindingId=2f829b4f-604f-499c-9ffb-2c5590f076db&operationName=GetNotification&variables=%7B%7D&extensions=%7B%22persistedQuery%22%3A%7B%22version%22%3A1%2C%22sha256Hash%22%3A%22c3341e1b877d55d84e85a0a81a492003c98372cdc563a5509d8335c660808ee7%22%2C%22sender%22%3A%22exito.header%403.x%22%2C%22provider%22%3A%22vtex.store-graphql%402.x%22%7D%2C%22variables%22%3A%22eyJhY3JvbnltIjoiTkMiLCJmaWVsZHMiOlsidGl0bGUsbm90aWZpY2F0aW9uLGltYWdlbixkYXRlRW5kLGRhdGVTdGFydCJdfQ%3D%3D%22%7D
request: POST - https://www.exito.com/_v/private/graphql/v1?workspace=master&maxAge=long&appsEtag=remove&domain=store&locale=es-CO&__bindingId=2f829b4f-604f-499c-9ffb-2c5590f076db
request: GET - https://exitocol.vtexassets.com/assets/vtex.file-manager-graphql/images/0df86181-6a99-4bdd-ae48-c242f4b465ba___a9f83c7bb9a251407168033e2643dbd6.png
response: 200 - https://connect.facebook.net/signals/plugins/identity.js?v=2.9.77
request: GET - https://exitocol.vtexassets.com/_v/public/assets/v1/published/vtex.store-drawer@0.16.2/public/react/0.min.js
request: GET - https://9831359.fls.doubleclick.net/activityi;src=9831359;type=pages0;cat=paso30;ord=2742083861423;gtm=2wg8m0;auiddc=378319731.1661381686;u1=https%3A%2F%2Fwww.exito.com%2F;u2=undefined;u3=undefined;u4=undefined;~oref=https%3A%2F%2Fwww.exito.com%2F?
request: GET - https://securepubads.g.doubleclick.net/tag/js/gpt.js
request: GET - https://www.googletagmanager.com/gtag/js?id=DC-11178512
request: PATCH - https://www.exito.com/api/sessions
request: GET - https://www.exito.com/_v/public/graphql/v1?workspace=master&maxAge=short&appsEtag=remove&domain=store&locale=es-CO&__bindingId=2f829b4f-604f-499c-9ffb-2c5590f076db&operationName=Documents&variables=%7B%7D&extensions=%7B%22persistedQuery%22%3A%7B%22version%22%3A1%2C%22sha256Hash%22%3A%225a4a85fbcba1bfe7daaef237ca2489c09a6711c85d3d5bbb8638624579d4ad47%22%2C%22sender%22%3A%22exito.components%404.x%22%2C%22provider%22%3A%22vtex.store-graphql%402.x%22%7D%2C%22variables%22%3A%22eyJhY3JvbnltIjoiTE8iLCJmaWVsZHMiOlsiaWQiLCJuYW1lIiwibG9nbyIsImRlc2NyaXB0aW9uIiwiYWxsaWVkTmFtZSIsImNhcmROYW1lIiwibnVtYmVyT2ZJbnN0YWxsbWVudHMiLCJpbnRlcmVzdFJhdGUiLCJlbmFibGVkSW50ZXJlc3QiXSwicGFnZVNpemUiOjEwMDB9%22%7D
request: GET - https://www.exito.com/_v/public/graphql/v1?workspace=master&maxAge=short&appsEtag=remove&domain=store&locale=es-CO&__bindingId=2f829b4f-604f-499c-9ffb-2c5590f076db&operationName=Documents&variables=%7B%7D&extensions=%7B%22persistedQuery%22%3A%7B%22version%22%3A1%2C%22sha256Hash%22%3A%225a4a85fbcba1bfe7daaef237ca2489c09a6711c85d3d5bbb8638624579d4ad47%22%2C%22sender%22%3A%22exito.components%404.x%22%2C%22provider%22%3A%22vtex.store-graphql%402.x%22%7D%2C%22variables%22%3A%22eyJhY3JvbnltIjoiRkwiLCJmaWVsZHMiOlsiaWQiLCJuYW1lIiwiZmxhZ1RleHQiLCJiYWNrZ3JvdW5kQ29sb3IiLCJ0ZXh0Q29sb3IiLCJsb2dvIiwicG9zaXRpb24iLCJib3JkZXJDb2xvciJdLCJwYWdlU2l6ZSI6MTAwMH0%3D%22%7D
request: GET - https://www.exito.com/_v/public/graphql/v1?workspace=master&maxAge=short&appsEtag=remove&domain=store&locale=es-CO&__bindingId=2f829b4f-604f-499c-9ffb-2c5590f076db&operationName=Documents&variables=%7B%7D&extensions=%7B%22persistedQuery%22%3A%7B%22version%22%3A1%2C%22sha256Hash%22%3A%225a4a85fbcba1bfe7daaef237ca2489c09a6711c85d3d5bbb8638624579d4ad47%22%2C%22sender%22%3A%22exito.components%404.x%22%2C%22provider%22%3A%22vtex.store-graphql%402.x%22%7D%2C%22variables%22%3A%22eyJhY3JvbnltIjoiUEMiLCJmaWVsZHMiOlsiaWQiLCJuYW1lIiwiZGVzY3JpcHRpb24iLCJjb252ZXJzaW9uRmFjdG9yIiwidGlja2V0UGx1Iiwicm91bmRpbmciLCJjYXRlZ29yeU9iamVjdCIsImNhdGVnb3J5IiwibG9nbyJdLCJwYWdlU2l6ZSI6MTAwMH0%3D%22%7D
response: 204 - https://sp.vtex.com/event-api/v1/exitocol/event
request: POST - https://sp.vtex.com/event-api/v1/exitocol/event
request: GET - https://lib-us-3.brilliantcollector.com/common/ubxCapture.js
request: GET - https://cdn.scarabresearch.com/js/154BC66CC7F140DE/scarab-v2.js
request: POST - https://www.exito.com/_v/facebook-fbe/event
request: OPTIONS - https://api.biggylabs.com.br/track-api/v2/track/site?sid=5d6ed45c114db0319e15e403&url=https%3A%2F%2Fwww.exito.com%2F&visitorId=6d7ac2d4fd773d188a5a9a2cf51f29f25f7f4bbb&sessionId=18788295effc6fb18b86df1005df59c0e4c5dcd5
request: OPTIONS - https://rc.vtex.com/v8
request: OPTIONS - https://rc.vtex.com.br/api/events
response: 200 - https://connect.facebook.net/signals/config/297595067381717?v=2.9.77&r=stable
request: GET - https://www.exito.com/_v/public/graphql/v1?workspace=master&maxAge=short&appsEtag=remove&domain=store&locale=es-CO&__bindingId=2f829b4f-604f-499c-9ffb-2c5590f076db&operationName=getDocuments&variables=%7B%7D&extensions=%7B%22persistedQuery%22%3A%7B%22version%22%3A1%2C%22sha256Hash%22%3A%22530e3919fdaa496aea22c580dc251500e745ab431b477886d22ebe9d386b39a2%22%2C%22sender%22%3A%22exito.components%404.x%22%2C%22provider%22%3A%22vtex.store-graphql%402.x%22%7D%2C%22variables%22%3A%22eyJhY3JvbnltIjoiTE8iLCJmaWVsZHMiOlsiaWQiLCJuYW1lIiwibG9nbyIsImRlc2NyaXB0aW9uIiwiYWxsaWVkTmFtZSIsImNhcmROYW1lIiwibnVtYmVyT2ZJbnN0YWxsbWVudHMiLCJpbnRlcmVzdFJhdGUiLCJlbmFibGVkSW50ZXJlc3QiXSwicGFnZVNpemUiOjEwMH0%3D%22%7D
request: GET - https://www.exito.com/_v/public/graphql/v1?workspace=master&maxAge=short&appsEtag=remove&domain=store&locale=es-CO&__bindingId=2f829b4f-604f-499c-9ffb-2c5590f076db&operationName=getDocuments&variables=%7B%7D&extensions=%7B%22persistedQuery%22%3A%7B%22version%22%3A1%2C%22sha256Hash%22%3A%22530e3919fdaa496aea22c580dc251500e745ab431b477886d22ebe9d386b39a2%22%2C%22sender%22%3A%22exito.components%404.x%22%2C%22provider%22%3A%22vtex.store-graphql%402.x%22%7D%2C%22variables%22%3A%22eyJhY3JvbnltIjoiVFAiLCJmaWVsZHMiOlsiY2FyZE5hbWUiLCJkZXNjcmlwdGlvbiIsImVuYWJsZWRJbnRlcmVzdCIsImluc3RhbGxtZW50cyIsImludGVyZXN0UmF0ZSIsIm5hbWUiLCJwcm9tb05hbWUiXSwicGFnZVNpemUiOjEwMH0%3D%22%7D
request: GET - https://www.exito.com/_v/public/graphql/v1?workspace=master&maxAge=short&appsEtag=remove&domain=store&locale=es-CO&__bindingId=2f829b4f-604f-499c-9ffb-2c5590f076db&operationName=getDocuments&variables=%7B%7D&extensions=%7B%22persistedQuery%22%3A%7B%22version%22%3A1%2C%22sha256Hash%22%3A%22530e3919fdaa496aea22c580dc251500e745ab431b477886d22ebe9d386b39a2%22%2C%22sender%22%3A%22exito.components%404.x%22%2C%22provider%22%3A%22vtex.store-graphql%402.x%22%7D%2C%22variables%22%3A%22eyJhY3JvbnltIjoiRkMiLCJmaWVsZHMiOiJuYW1lLGhleCIsInBhZ2VTaXplIjoxMDB9%22%7D
request: GET - https://www.exito.com/_v/public/graphql/v1?workspace=master&maxAge=short&appsEtag=remove&domain=store&locale=es-CO&__bindingId=2f829b4f-604f-499c-9ffb-2c5590f076db&operationName=getDocuments&variables=%7B%7D&extensions=%7B%22persistedQuery%22%3A%7B%22version%22%3A1%2C%22sha256Hash%22%3A%22530e3919fdaa496aea22c580dc251500e745ab431b477886d22ebe9d386b39a2%22%2C%22sender%22%3A%22exito.components%404.x%22%2C%22provider%22%3A%22vtex.store-graphql%402.x%22%7D%2C%22variables%22%3A%22eyJhY3JvbnltIjoiU0QiLCJmaWVsZHMiOlsiZGlzY291bnQiLCJpZCIsImxpc3RQcmljZSIsInBlcmNlbnREaXNjb3VudCIsInByaWNlRFNJIl0sInBhZ2VTaXplIjo1MDAwfQ%3D%3D%22%7D
response: 200 - https://9831359.fls.doubleclick.net/activityi;dc_pre=CMiBgovJ4PkCFZbuhwodQNcFBA;src=9831359;type=pages0;cat=paso10;ord=1275321005571;gtm=2wg8m0;auiddc=378319731.1661381686;u1=https%3A%2F%2Fwww.exito.com%2F;~oref=https%3A%2F%2Fwww.exito.com%2F?
request: GET - https://www.exito.com/_v/public/graphql/v1?workspace=master&maxAge=medium&appsEtag=remove&domain=store&locale=es-CO&__bindingId=2f829b4f-604f-499c-9ffb-2c5590f076db&operationName=Category&variables=%7B%7D&extensions=%7B%22persistedQuery%22%3A%7B%22version%22%3A1%2C%22sha256Hash%22%3A%22c3640b02b13e121c1b6d4648a3f8577a71cad0240b55785a8498a4b9882a738c%22%2C%22sender%22%3A%22exito.category-menu%403.x%22%2C%22provider%22%3A%22exito.menu-graphql%402.x%22%7D%2C%22variables%22%3A%22eyJuYW1lIjoiY2F0ZWdvcnkifQ%3D%3D%22%7D
request: GET - https://www.exito.com/_v/public/graphql/v1?workspace=master&maxAge=short&appsEtag=remove&domain=store&locale=es-CO&__bindingId=2f829b4f-604f-499c-9ffb-2c5590f076db&operationName=getFile&variables=%7B%7D&extensions=%7B%22persistedQuery%22%3A%7B%22version%22%3A1%2C%22sha256Hash%22%3A%22172d43a17db4edbb3fb8273e5337a37626c5fcd1f802a9b326a938fff40f7abc%22%2C%22sender%22%3A%22exito.icons%402.x%22%2C%22provider%22%3A%22exito.general-requests-graphql%400.x%22%7D%7D
request: GET - https://www.facebook.com/tr/?id=297595067381717&ev=PageView&dl=https%3A%2F%2Fwww.exito.com%2F&rl=&if=false&ts=1661381689134&sw=800&sh=600&v=2.9.77&r=stable&a=vtex&ec=0&o=158&fbp=fb.1.1661381689131.199676097&it=1661381687594&coo=false&eid=7650ccc6-67b5-4e06-8ce7-18ea502badb6&rqm=GET
request: GET - https://adservice.google.com/ddm/fls/i/dc_pre=CMiBgovJ4PkCFZbuhwodQNcFBA;src=9831359;type=pages0;cat=paso10;ord=1275321005571;gtm=2wg8m0;auiddc=378319731.1661381686;u1=https%3A%2F%2Fwww.exito.com%2F;~oref=https%3A%2F%2Fwww.exito.com%2F
response: 200 - https://www.google.com.mx/ads/ga-audiences?v=1&t=sr&slf_rd=1&_r=4&tid=G-W617R65N74&cid=2049582821.1661381688&gtm=2oe8m0&aip=1&z=220491702
request: GET - https://www.exito.com/_v/segment/graphql/v1?workspace=master&maxAge=medium&appsEtag=remove&domain=store&locale=es-CO&__bindingId=2f829b4f-604f-499c-9ffb-2c5590f076db&operationName=topSearches&variables=%7B%7D&extensions=%7B%22persistedQuery%22%3A%7B%22version%22%3A1%2C%22sha256Hash%22%3A%221a294e9c9f5b25866000a5e7f6a35c7e37facc06a85a8366af3709b37520feea%22%2C%22sender%22%3A%22vtex.store-resources%400.x%22%2C%22provider%22%3A%22vtex.search-graphql%400.x%22%7D%7D
response: 204 - https://analytics.google.com/g/collect?v=2&tid=G-W617R65N74&gtm=2oe8m0&_p=744451854&_gaz=1&cid=2049582821.1661381688&ul=es-mx&sr=800x600&_z=ccd.v9B&_s=1&sid=1661381687&sct=1&seg=0&dl=https%3A%2F%2Fwww.exito.com%2F&dt=Compra%20Online%20en%20Colombia%20%7C%20exito.com&en=page_view&_fv=1&_nsi=1&_ss=1
response: 204 - https://stats.g.doubleclick.net/g/collect?v=2&tid=G-W617R65N74&cid=2049582821.1661381688&gtm=2oe8m0&aip=1
response: 200 - https://stats.g.doubleclick.net/j/collect?t=dc&aip=1&_r=3&v=1&_v=j96&tid=UA-227514148-1&cid=2049582821.1661381688&jid=132846659&gjid=1692402218&_gid=2002015902.1661381688&_u=aCDAgEABQAAAAG~&z=114202571
response: 200 - https://www.google-analytics.com/collect?v=1&_v=j96&a=744451854&t=pageview&_s=1&dl=https%3A%2F%2Fwww.exito.com%2F&ul=es-mx&de=UTF-8&dt=Compra%20Online%20en%20Colombia%20%7C%20exito.com&sd=24-bit&sr=800x600&vp=1200x800&je=0&_u=aCDAgEABQAAAAC~&jid=132846659&gjid=1692402218&cid=2049582821.1661381688&tid=UA-227514148-1&_gid=2002015902.1661381688&gtm=2wg8m0WL3VZDV&z=1890467062
response: 200 - https://www.google-analytics.com/j/collect?v=1&_v=j96&a=744451854&t=pageview&_s=1&dl=https%3A%2F%2Fwww.exito.com%2F&dp=%2F&ul=es-mx&de=UTF-8&dt=Compra%20Online%20en%20Colombia%20%7C%20exito.com&sd=24-bit&sr=800x600&vp=1200x800&je=0&exp=x0u4RLH3QwqPcTyUwhU0WA.0&_u=aADAAEABQAAAAC~&jid=2087030841&gjid=1566534824&cid=2049582821.1661381688&tid=UA-130949096-2&_gid=2002015902.1661381688&_r=1&gtm=2wg8m0WL3VZDV&cd6=Web&z=952704083
request: POST - https://stats.g.doubleclick.net/j/collect?t=dc&aip=1&_r=3&v=1&_v=j96&tid=UA-130949096-2&cid=2049582821.1661381688&jid=2087030841&gjid=1566534824&_gid=2002015902.1661381688&_u=aADAAEAAQAAAAC~&z=1344636130
response: 200 - https://googleads.g.doubleclick.net/pagead/viewthroughconversion/952230548/?random=1661381688045&cv=9&fst=1661381688045&num=1&label=ocHtCLrD5n4QlMWHxgM&bg=ffffff&guid=ON&resp=GooglemKTybQhCsO&u_h=600&u_w=800&u_ah=600&u_aw=800&u_cd=24&u_his=2&u_tz=-300&u_java=false&u_nplug=0&u_nmime=0&gtm=2wg8m0&sendb=1&ig=1&frm=0&url=https%3A%2F%2Fwww.exito.com%2F&tiba=Compra%20Online%20en%20Colombia%20%7C%20exito.com&auid=378319731.1661381686&hn=www.googleadservices.com&async=1&rfmt=3&fmt=4
request: GET - https://www.google.com/pagead/1p-user-list/952230548/?random=1661381688045&cv=9&fst=1661378400000&num=1&label=ocHtCLrD5n4QlMWHxgM&bg=ffffff&guid=ON&u_h=600&u_w=800&u_ah=600&u_aw=800&u_cd=24&u_his=2&u_tz=-300&u_java=false&u_nplug=0&u_nmime=0&gtm=2wg8m0&sendb=1&frm=0&url=https%3A%2F%2Fwww.exito.com%2F&tiba=Compra%20Online%20en%20Colombia%20%7C%20exito.com&async=1&fmt=3&is_vtc=1&random=1895450493&resp=GooglemKTybQhCsO&rmt_tld=0&ipr=y
request: GET - https://www.google.com.mx/pagead/1p-user-list/952230548/?random=1661381688045&cv=9&fst=1661378400000&num=1&label=ocHtCLrD5n4QlMWHxgM&bg=ffffff&guid=ON&u_h=600&u_w=800&u_ah=600&u_aw=800&u_cd=24&u_his=2&u_tz=-300&u_java=false&u_nplug=0&u_nmime=0&gtm=2wg8m0&sendb=1&frm=0&url=https%3A%2F%2Fwww.exito.com%2F&tiba=Compra%20Online%20en%20Colombia%20%7C%20exito.com&async=1&fmt=3&is_vtc=1&random=1895450493&resp=GooglemKTybQhCsO&rmt_tld=1&ipr=y
response: 204 - https://device-api.indigitall.com/v1/browser?appKey=46d20abf-8c76-457c-bfb6-d8baa01f24c1
request: GET - https://device-api.indigitall.com/v1/browser?appKey=46d20abf-8c76-457c-bfb6-d8baa01f24c1
response: 200 - https://fonts.gstatic.com/s/poppins/v20/pxiByp8kv8JHgFVrLEj6Z1xlFQ.woff2
response: 200 - https://fonts.gstatic.com/s/poppins/v20/pxiByp8kv8JHgFVrLCz7Z1xlFQ.woff2
response: 200 - https://fonts.gstatic.com/s/poppins/v20/pxiEyp8kv8JHgFVrJJfecg.woff2
response: 200 - https://fonts.gstatic.com/s/poppins/v20/pxiByp8kv8JHgFVrLGT9Z1xlFQ.woff2
response: 200 - https://www.exito.com/_v/public/graphql/v1?workspace=master&maxAge=short&appsEtag=remove&domain=store&locale=es-CO&__bindingId=2f829b4f-604f-499c-9ffb-2c5590f076db&operationName=pwaData&variables=%7B%7D&extensions=%7B%22persistedQuery%22%3A%7B%22version%22%3A1%2C%22sha256Hash%22%3A%222c1ee2053cec1a7782c40dd2207f70c4906c5aca5387c75d298cc5bbddf50347%22%2C%22sender%22%3A%22vtex.store-resources%400.x%22%2C%22provider%22%3A%22vtex.pwa-graphql%401.x%22%7D%7D
response: 200 - https://www.exito.com/_v/public/graphql/v1?workspace=master&maxAge=short&appsEtag=remove&domain=store&locale=es-CO&__bindingId=2f829b4f-604f-499c-9ffb-2c5590f076db&operationName=pwaData&variables=%7B%7D&extensions=%7B%22persistedQuery%22%3A%7B%22version%22%3A1%2C%22sha256Hash%22%3A%22bed31d2983a300e0778a1012ea2fdbd03c435ff4181c05424c7742a0d613f791%22%2C%22sender%22%3A%22vtex.store-resources%400.x%22%2C%22provider%22%3A%22vtex.pwa-graphql%401.x%22%7D%7D
response: 200 - https://www.exito.com/_v/public/graphql/v1?workspace=master&maxAge=short&appsEtag=remove&domain=store&locale=es-CO&__bindingId=2f829b4f-604f-499c-9ffb-2c5590f076db&operationName=pwaData&variables=%7B%7D&extensions=%7B%22persistedQuery%22%3A%7B%22version%22%3A1%2C%22sha256Hash%22%3A%222a0e4b6821d89f26e75f15ce64d9f4abed3e5e5e2b4036c8d857d11c97e9f424%22%2C%22sender%22%3A%22vtex.store-resources%400.x%22%2C%22provider%22%3A%22vtex.pwa-graphql%401.x%22%7D%7D
response: 200 - https://www.exito.com/_v/public/graphql/v1?workspace=master&maxAge=short&appsEtag=remove&domain=store&locale=es-CO&__bindingId=2f829b4f-604f-499c-9ffb-2c5590f076db&operationName=pwaData&variables=%7B%7D&extensions=%7B%22persistedQuery%22%3A%7B%22version%22%3A1%2C%22sha256Hash%22%3A%22ffbefc68630109f29ac818199b9896c31200fef3e7f8bddf40b2de374e7daaa6%22%2C%22sender%22%3A%22vtex.store-resources%400.x%22%2C%22provider%22%3A%22vtex.pwa-graphql%401.x%22%7D%7D
request: GET - https://www.facebook.com/tr/?id=297595067381717&ev=Microdata&dl=https%3A%2F%2Fwww.exito.com%2F&rl=&if=false&ts=1661381689644&cd[DataLayer]=%5B%5D&cd[Meta]=%7B%22title%22%3A%22Compra%20Online%20en%20Colombia%20%7C%20exito.com%22%2C%22meta%3Adescription%22%3A%22Entra%20a%20exito.com%2C%20la%20tienda%20online%20de%20Colombia%2C%20con%20los%20mejores%20televisores%2C%20celulares%2C%20colchones%20y%20m%C3%A1s.%20Compra%20en%20exito.com%20con%20pago%20seguro%20y%20env%C3%ADo%20garantizado%22%7D&cd[OpenGraph]=%7B%22og%3Atype%22%3A%22website%22%2C%22og%3Atitle%22%3A%22Compra%20Online%20en%20Colombia%20%7C%20exito.com%22%2C%22og%3Aurl%22%3A%22https%3A%2F%2Fwww.exito.com%2F%22%2C%22og%3Adescription%22%3A%22Entra%20a%20exito.com%2C%20la%20tienda%20online%20de%20Colombia%2C%20con%20los%20mejores%20televisores%2C%20celulares%2C%20colchones%20y%20m%C3%A1s.%20Compra%20en%20exito.com%20con%20pago%20seguro%20y%20env%C3%ADo%20garantizado%22%7D&cd[Schema.org]=%5B%5D&cd[JSON-LD]=%5B%7B%22%40context%22%3A%22https%3A%2F%2Fschema.org%22%2C%22%40type%22%3A%22WebSite%22%2C%22url%22%3A%22https%3A%2F%2Fwww.exito.com%22%2C%22potentialAction%22%3A%7B%22%40type%22%3A%22SearchAction%22%2C%22target%22%3A%22https%3A%2F%2Fwww.exito.com%2F%7Bsearch_term_string%7D%3Fmap%3Dft%22%2C%22query-input%22%3A%22required%20name%3Dsearch_term_string%22%7D%7D%5D&sw=800&sh=600&v=2.9.77&r=stable&a=vtex&ec=1&o=158&fbp=fb.1.1661381689131.199676097&it=1661381687594&coo=false&es=automatic&tm=3&rqm=GET
response: 200 - https://www.exito.com/register.js?&scope=
response: 200 - https://www.exito.com/_v/private/graphql/v1?workspace=master&maxAge=long&appsEtag=remove&domain=store&locale=es-CO&__bindingId=2f829b4f-604f-499c-9ffb-2c5590f076db
request: POST - https://www.exito.com/_v/private/graphql/v1?workspace=master&maxAge=long&appsEtag=remove&domain=store&locale=es-CO&__bindingId=2f829b4f-604f-499c-9ffb-2c5590f076db
request: POST - https://www.exito.com/_v/private/graphql/v1?workspace=master&maxAge=long&appsEtag=remove&domain=store&locale=es-CO&__bindingId=2f829b4f-604f-499c-9ffb-2c5590f076db
response: 200 - https://www.exito.com/_v/private/graphql/v1?workspace=master&maxAge=long&appsEtag=remove&domain=store&locale=es-CO&__bindingId=2f829b4f-604f-499c-9ffb-2c5590f076db
response: 200 - https://www.exito.com/_v/public/graphql/v1?workspace=master&maxAge=short&appsEtag=remove&domain=store&locale=es-CO&__bindingId=2f829b4f-604f-499c-9ffb-2c5590f076db&operationName=GetNotification&variables=%7B%7D&extensions=%7B%22persistedQuery%22%3A%7B%22version%22%3A1%2C%22sha256Hash%22%3A%22c3341e1b877d55d84e85a0a81a492003c98372cdc563a5509d8335c660808ee7%22%2C%22sender%22%3A%22exito.header%403.x%22%2C%22provider%22%3A%22vtex.store-graphql%402.x%22%7D%2C%22variables%22%3A%22eyJhY3JvbnltIjoiTkMiLCJmaWVsZHMiOlsidGl0bGUsbm90aWZpY2F0aW9uLGltYWdlbixkYXRlRW5kLGRhdGVTdGFydCJdfQ%3D%3D%22%7D
response: 200 - https://tags.bkrtx.com/js/bk-coretag.js
response: 200 - https://exitocol.vtexassets.com/assets/vtex.file-manager-graphql/images/0df86181-6a99-4bdd-ae48-c242f4b465ba___a9f83c7bb9a251407168033e2643dbd6.png
request: GET - https://storage.googleapis.com/m-infra.appspot.com/public/res/GrupoExito/20210319-kL3fZvgtu0P5ZaZm0iCxqkcltbx2-61TXC-.png
response: 302 - https://9831359.fls.doubleclick.net/activityi;src=9831359;type=pages0;cat=paso30;ord=2742083861423;gtm=2wg8m0;auiddc=378319731.1661381686;u1=https%3A%2F%2Fwww.exito.com%2F;u2=undefined;u3=undefined;u4=undefined;~oref=https%3A%2F%2Fwww.exito.com%2F?
request: GET - https://9831359.fls.doubleclick.net/activityi;dc_pre=CKWkhozJ4PkCFUHuhwod_1wC1Q;src=9831359;type=pages0;cat=paso30;ord=2742083861423;gtm=2wg8m0;auiddc=378319731.1661381686;u1=https%3A%2F%2Fwww.exito.com%2F;u2=undefined;u3=undefined;u4=undefined;~oref=https%3A%2F%2Fwww.exito.com%2F?
response: 200 - https://securepubads.g.doubleclick.net/tag/js/gpt.js
request: GET - https://securepubads.g.doubleclick.net/gpt/pubads_impl_2022081701.js?cb=31069129
request: GET - https://securepubads.g.doubleclick.net/pagead/ppub_config?ippd=www.exito.com
response: 200 - https://www.googletagmanager.com/gtag/js?id=DC-11178512
response: 200 - https://www.exito.com/_v/public/graphql/v1?workspace=master&maxAge=short&appsEtag=remove&domain=store&locale=es-CO&__bindingId=2f829b4f-604f-499c-9ffb-2c5590f076db&operationName=Documents&variables=%7B%7D&extensions=%7B%22persistedQuery%22%3A%7B%22version%22%3A1%2C%22sha256Hash%22%3A%225a4a85fbcba1bfe7daaef237ca2489c09a6711c85d3d5bbb8638624579d4ad47%22%2C%22sender%22%3A%22exito.components%404.x%22%2C%22provider%22%3A%22vtex.store-graphql%402.x%22%7D%2C%22variables%22%3A%22eyJhY3JvbnltIjoiTE8iLCJmaWVsZHMiOlsiaWQiLCJuYW1lIiwibG9nbyIsImRlc2NyaXB0aW9uIiwiYWxsaWVkTmFtZSIsImNhcmROYW1lIiwibnVtYmVyT2ZJbnN0YWxsbWVudHMiLCJpbnRlcmVzdFJhdGUiLCJlbmFibGVkSW50ZXJlc3QiXSwicGFnZVNpemUiOjEwMDB9%22%7D
response: 200 - https://www.exito.com/_v/public/graphql/v1?workspace=master&maxAge=short&appsEtag=remove&domain=store&locale=es-CO&__bindingId=2f829b4f-604f-499c-9ffb-2c5590f076db&operationName=Documents&variables=%7B%7D&extensions=%7B%22persistedQuery%22%3A%7B%22version%22%3A1%2C%22sha256Hash%22%3A%225a4a85fbcba1bfe7daaef237ca2489c09a6711c85d3d5bbb8638624579d4ad47%22%2C%22sender%22%3A%22exito.components%404.x%22%2C%22provider%22%3A%22vtex.store-graphql%402.x%22%7D%2C%22variables%22%3A%22eyJhY3JvbnltIjoiRkwiLCJmaWVsZHMiOlsiaWQiLCJuYW1lIiwiZmxhZ1RleHQiLCJiYWNrZ3JvdW5kQ29sb3IiLCJ0ZXh0Q29sb3IiLCJsb2dvIiwicG9zaXRpb24iLCJib3JkZXJDb2xvciJdLCJwYWdlU2l6ZSI6MTAwMH0%3D%22%7D
response: 200 - https://www.exito.com/_v/public/graphql/v1?workspace=master&maxAge=short&appsEtag=remove&domain=store&locale=es-CO&__bindingId=2f829b4f-604f-499c-9ffb-2c5590f076db&operationName=Documents&variables=%7B%7D&extensions=%7B%22persistedQuery%22%3A%7B%22version%22%3A1%2C%22sha256Hash%22%3A%225a4a85fbcba1bfe7daaef237ca2489c09a6711c85d3d5bbb8638624579d4ad47%22%2C%22sender%22%3A%22exito.components%404.x%22%2C%22provider%22%3A%22vtex.store-graphql%402.x%22%7D%2C%22variables%22%3A%22eyJhY3JvbnltIjoiUEMiLCJmaWVsZHMiOlsiaWQiLCJuYW1lIiwiZGVzY3JpcHRpb24iLCJjb252ZXJzaW9uRmFjdG9yIiwidGlja2V0UGx1Iiwicm91bmRpbmciLCJjYXRlZ29yeU9iamVjdCIsImNhdGVnb3J5IiwibG9nbyJdLCJwYWdlU2l6ZSI6MTAwMH0%3D%22%7D
response: 200 - https://www.exito.com/_v/private/graphql/v1?workspace=master&maxAge=long&appsEtag=remove&domain=store&locale=es-CO&__bindingId=2f829b4f-604f-499c-9ffb-2c5590f076db
response: 200 - https://www.exito.com/api/sessions
response: 200 - https://rc.vtex.com/v8
request: POST - https://rc.vtex.com/v8
response: 200 - https://rc.vtex.com.br/api/events
request: POST - https://rc.vtex.com.br/api/events
response: 200 - https://adservice.google.com/ddm/fls/i/dc_pre=CMiBgovJ4PkCFZbuhwodQNcFBA;src=9831359;type=pages0;cat=paso10;ord=1275321005571;gtm=2wg8m0;auiddc=378319731.1661381686;u1=https%3A%2F%2Fwww.exito.com%2F;~oref=https%3A%2F%2Fwww.exito.com%2F
response: 200 - https://api.biggylabs.com.br/track-api/v2/track/site?sid=5d6ed45c114db0319e15e403&url=https%3A%2F%2Fwww.exito.com%2F&visitorId=6d7ac2d4fd773d188a5a9a2cf51f29f25f7f4bbb&sessionId=18788295effc6fb18b86df1005df59c0e4c5dcd5
request: POST - https://api.biggylabs.com.br/track-api/v2/track/site?sid=5d6ed45c114db0319e15e403&url=https%3A%2F%2Fwww.exito.com%2F&visitorId=6d7ac2d4fd773d188a5a9a2cf51f29f25f7f4bbb&sessionId=18788295effc6fb18b86df1005df59c0e4c5dcd5
request: GET - https://11178512.fls.doubleclick.net/activityi;src=11178512;type=sitew0;cat=sitew0;ord=802310071853;gtm=2od8m0;auiddc=378319731.1661381686;u11=False;~oref=https%3A%2F%2Fwww.exito.com%2F?
response: 200 - https://www.exito.com/_v/facebook-fbe/event
response: 200 - https://www.exito.com/_v/public/graphql/v1?workspace=master&maxAge=short&appsEtag=remove&domain=store&locale=es-CO&__bindingId=2f829b4f-604f-499c-9ffb-2c5590f076db&operationName=getDocuments&variables=%7B%7D&extensions=%7B%22persistedQuery%22%3A%7B%22version%22%3A1%2C%22sha256Hash%22%3A%22530e3919fdaa496aea22c580dc251500e745ab431b477886d22ebe9d386b39a2%22%2C%22sender%22%3A%22exito.components%404.x%22%2C%22provider%22%3A%22vtex.store-graphql%402.x%22%7D%2C%22variables%22%3A%22eyJhY3JvbnltIjoiTE8iLCJmaWVsZHMiOlsiaWQiLCJuYW1lIiwibG9nbyIsImRlc2NyaXB0aW9uIiwiYWxsaWVkTmFtZSIsImNhcmROYW1lIiwibnVtYmVyT2ZJbnN0YWxsbWVudHMiLCJpbnRlcmVzdFJhdGUiLCJlbmFibGVkSW50ZXJlc3QiXSwicGFnZVNpemUiOjEwMH0%3D%22%7D
response: 200 - https://www.exito.com/_v/public/graphql/v1?workspace=master&maxAge=short&appsEtag=remove&domain=store&locale=es-CO&__bindingId=2f829b4f-604f-499c-9ffb-2c5590f076db&operationName=getDocuments&variables=%7B%7D&extensions=%7B%22persistedQuery%22%3A%7B%22version%22%3A1%2C%22sha256Hash%22%3A%22530e3919fdaa496aea22c580dc251500e745ab431b477886d22ebe9d386b39a2%22%2C%22sender%22%3A%22exito.components%404.x%22%2C%22provider%22%3A%22vtex.store-graphql%402.x%22%7D%2C%22variables%22%3A%22eyJhY3JvbnltIjoiVFAiLCJmaWVsZHMiOlsiY2FyZE5hbWUiLCJkZXNjcmlwdGlvbiIsImVuYWJsZWRJbnRlcmVzdCIsImluc3RhbGxtZW50cyIsImludGVyZXN0UmF0ZSIsIm5hbWUiLCJwcm9tb05hbWUiXSwicGFnZVNpemUiOjEwMH0%3D%22%7D
response: 200 - https://www.exito.com/_v/public/graphql/v1?workspace=master&maxAge=short&appsEtag=remove&domain=store&locale=es-CO&__bindingId=2f829b4f-604f-499c-9ffb-2c5590f076db&operationName=getDocuments&variables=%7B%7D&extensions=%7B%22persistedQuery%22%3A%7B%22version%22%3A1%2C%22sha256Hash%22%3A%22530e3919fdaa496aea22c580dc251500e745ab431b477886d22ebe9d386b39a2%22%2C%22sender%22%3A%22exito.components%404.x%22%2C%22provider%22%3A%22vtex.store-graphql%402.x%22%7D%2C%22variables%22%3A%22eyJhY3JvbnltIjoiU0QiLCJmaWVsZHMiOlsiZGlzY291bnQiLCJpZCIsImxpc3RQcmljZSIsInBlcmNlbnREaXNjb3VudCIsInByaWNlRFNJIl0sInBhZ2VTaXplIjo1MDAwfQ%3D%3D%22%7D
response: 200 - https://www.exito.com/_v/public/graphql/v1?workspace=master&maxAge=short&appsEtag=remove&domain=store&locale=es-CO&__bindingId=2f829b4f-604f-499c-9ffb-2c5590f076db&operationName=getDocuments&variables=%7B%7D&extensions=%7B%22persistedQuery%22%3A%7B%22version%22%3A1%2C%22sha256Hash%22%3A%22530e3919fdaa496aea22c580dc251500e745ab431b477886d22ebe9d386b39a2%22%2C%22sender%22%3A%22exito.components%404.x%22%2C%22provider%22%3A%22vtex.store-graphql%402.x%22%7D%2C%22variables%22%3A%22eyJhY3JvbnltIjoiRkMiLCJmaWVsZHMiOiJuYW1lLGhleCIsInBhZ2VTaXplIjoxMDB9%22%7D
response: 200 - https://exitocol.vtexassets.com/_v/public/assets/v1/published/vtex.store-drawer@0.16.2/public/react/0.min.js
response: 200 - https://www.exito.com/_v/public/graphql/v1?workspace=master&maxAge=medium&appsEtag=remove&domain=store&locale=es-CO&__bindingId=2f829b4f-604f-499c-9ffb-2c5590f076db&operationName=Category&variables=%7B%7D&extensions=%7B%22persistedQuery%22%3A%7B%22version%22%3A1%2C%22sha256Hash%22%3A%22c3640b02b13e121c1b6d4648a3f8577a71cad0240b55785a8498a4b9882a738c%22%2C%22sender%22%3A%22exito.category-menu%403.x%22%2C%22provider%22%3A%22exito.menu-graphql%402.x%22%7D%2C%22variables%22%3A%22eyJuYW1lIjoiY2F0ZWdvcnkifQ%3D%3D%22%7D
response: 200 - https://www.exito.com/_v/public/graphql/v1?workspace=master&maxAge=short&appsEtag=remove&domain=store&locale=es-CO&__bindingId=2f829b4f-604f-499c-9ffb-2c5590f076db&operationName=getFile&variables=%7B%7D&extensions=%7B%22persistedQuery%22%3A%7B%22version%22%3A1%2C%22sha256Hash%22%3A%22172d43a17db4edbb3fb8273e5337a37626c5fcd1f802a9b326a938fff40f7abc%22%2C%22sender%22%3A%22exito.icons%402.x%22%2C%22provider%22%3A%22exito.general-requests-graphql%400.x%22%7D%7D
response: 204 - https://sp.vtex.com/event-api/v1/exitocol/event
response: 200 - https://cdn.scarabresearch.com/js/154BC66CC7F140DE/scarab-v2.js
response: 200 - https://www.exito.com/_v/segment/graphql/v1?workspace=master&maxAge=medium&appsEtag=remove&domain=store&locale=es-CO&__bindingId=2f829b4f-604f-499c-9ffb-2c5590f076db&operationName=topSearches&variables=%7B%7D&extensions=%7B%22persistedQuery%22%3A%7B%22version%22%3A1%2C%22sha256Hash%22%3A%221a294e9c9f5b25866000a5e7f6a35c7e37facc06a85a8366af3709b37520feea%22%2C%22sender%22%3A%22vtex.store-resources%400.x%22%2C%22provider%22%3A%22vtex.search-graphql%400.x%22%7D%7D
response: 200 - https://www.facebook.com/tr/?id=297595067381717&ev=PageView&dl=https%3A%2F%2Fwww.exito.com%2F&rl=&if=false&ts=1661381689134&sw=800&sh=600&v=2.9.77&r=stable&a=vtex&ec=0&o=158&fbp=fb.1.1661381689131.199676097&it=1661381687594&coo=false&eid=7650ccc6-67b5-4e06-8ce7-18ea502badb6&rqm=GET
response: 200 - https://www.google.com.mx/pagead/1p-user-list/952230548/?random=1661381688045&cv=9&fst=1661378400000&num=1&label=ocHtCLrD5n4QlMWHxgM&bg=ffffff&guid=ON&u_h=600&u_w=800&u_ah=600&u_aw=800&u_cd=24&u_his=2&u_tz=-300&u_java=false&u_nplug=0&u_nmime=0&gtm=2wg8m0&sendb=1&frm=0&url=https%3A%2F%2Fwww.exito.com%2F&tiba=Compra%20Online%20en%20Colombia%20%7C%20exito.com&async=1&fmt=3&is_vtc=1&random=1895450493&resp=GooglemKTybQhCsO&rmt_tld=1&ipr=y
response: 200 - https://stats.g.doubleclick.net/j/collect?t=dc&aip=1&_r=3&v=1&_v=j96&tid=UA-130949096-2&cid=2049582821.1661381688&jid=2087030841&gjid=1566534824&_gid=2002015902.1661381688&_u=aADAAEAAQAAAAC~&z=1344636130
request: GET - https://www.google.com/ads/ga-audiences?t=sr&aip=1&_r=4&slf_rd=1&v=1&_v=j96&tid=UA-130949096-2&cid=2049582821.1661381688&jid=2087030841&_u=aADAAEAAQAAAAC~&z=1986493941
request: GET - https://www.google.com.mx/ads/ga-audiences?t=sr&aip=1&_r=4&slf_rd=1&v=1&_v=j96&tid=UA-130949096-2&cid=2049582821.1661381688&jid=2087030841&_u=aADAAEAAQAAAAC~&z=1986493941
response: 200 - https://lib-us-3.brilliantcollector.com/common/ubxCapture.js
response: 200 - https://www.google.com/pagead/1p-user-list/952230548/?random=1661381688045&cv=9&fst=1661378400000&num=1&label=ocHtCLrD5n4QlMWHxgM&bg=ffffff&guid=ON&u_h=600&u_w=800&u_ah=600&u_aw=800&u_cd=24&u_his=2&u_tz=-300&u_java=false&u_nplug=0&u_nmime=0&gtm=2wg8m0&sendb=1&frm=0&url=https%3A%2F%2Fwww.exito.com%2F&tiba=Compra%20Online%20en%20Colombia%20%7C%20exito.com&async=1&fmt=3&is_vtc=1&random=1895450493&resp=GooglemKTybQhCsO&rmt_tld=0&ipr=y
response: 200 - https://device-api.indigitall.com/v1/browser?appKey=46d20abf-8c76-457c-bfb6-d8baa01f24c1
request: GET - https://static.scarabresearch.com/wpjs/wploader.js?ts=2746
request: GET - https://lib-us-3.brilliantcollector.com/config/7545aeed-c2ac-4f32-914d-e1604fbb152c/7545aeed-c2ac-4f32-914d-e1604fbb152c.json
response: 200 - https://9831359.fls.doubleclick.net/activityi;dc_pre=CKWkhozJ4PkCFUHuhwod_1wC1Q;src=9831359;type=pages0;cat=paso30;ord=2742083861423;gtm=2wg8m0;auiddc=378319731.1661381686;u1=https%3A%2F%2Fwww.exito.com%2F;u2=undefined;u3=undefined;u4=undefined;~oref=https%3A%2F%2Fwww.exito.com%2F?
response: 302 - https://11178512.fls.doubleclick.net/activityi;src=11178512;type=sitew0;cat=sitew0;ord=802310071853;gtm=2od8m0;auiddc=378319731.1661381686;u11=False;~oref=https%3A%2F%2Fwww.exito.com%2F?
request: GET - https://11178512.fls.doubleclick.net/activityi;dc_pre=CNmD8YzJ4PkCFUHihwodjFkIYw;src=11178512;type=sitew0;cat=sitew0;ord=802310071853;gtm=2od8m0;auiddc=378319731.1661381686;u11=False;~oref=https%3A%2F%2Fwww.exito.com%2F?
response: 200 - https://lib-us-3.brilliantcollector.com/config/7545aeed-c2ac-4f32-914d-e1604fbb152c/7545aeed-c2ac-4f32-914d-e1604fbb152c.json
request: GET - https://lib-us-3.brilliantcollector.com/common/ubx/UBX.js
request: GET - https://lib-us-3.brilliantcollector.com/partners/Google/GAtoUBXEventMapper.js
response: 200 - https://www.facebook.com/tr/?id=297595067381717&ev=Microdata&dl=https%3A%2F%2Fwww.exito.com%2F&rl=&if=false&ts=1661381689644&cd[DataLayer]=%5B%5D&cd[Meta]=%7B%22title%22%3A%22Compra%20Online%20en%20Colombia%20%7C%20exito.com%22%2C%22meta%3Adescription%22%3A%22Entra%20a%20exito.com%2C%20la%20tienda%20online%20de%20Colombia%2C%20con%20los%20mejores%20televisores%2C%20celulares%2C%20colchones%20y%20m%C3%A1s.%20Compra%20en%20exito.com%20con%20pago%20seguro%20y%20env%C3%ADo%20garantizado%22%7D&cd[OpenGraph]=%7B%22og%3Atype%22%3A%22website%22%2C%22og%3Atitle%22%3A%22Compra%20Online%20en%20Colombia%20%7C%20exito.com%22%2C%22og%3Aurl%22%3A%22https%3A%2F%2Fwww.exito.com%2F%22%2C%22og%3Adescription%22%3A%22Entra%20a%20exito.com%2C%20la%20tienda%20online%20de%20Colombia%2C%20con%20los%20mejores%20televisores%2C%20celulares%2C%20colchones%20y%20m%C3%A1s.%20Compra%20en%20exito.com%20con%20pago%20seguro%20y%20env%C3%ADo%20garantizado%22%7D&cd[Schema.org]=%5B%5D&cd[JSON-LD]=%5B%7B%22%40context%22%3A%22https%3A%2F%2Fschema.org%22%2C%22%40type%22%3A%22WebSite%22%2C%22url%22%3A%22https%3A%2F%2Fwww.exito.com%22%2C%22potentialAction%22%3A%7B%22%40type%22%3A%22SearchAction%22%2C%22target%22%3A%22https%3A%2F%2Fwww.exito.com%2F%7Bsearch_term_string%7D%3Fmap%3Dft%22%2C%22query-input%22%3A%22required%20name%3Dsearch_term_string%22%7D%7D%5D&sw=800&sh=600&v=2.9.77&r=stable&a=vtex&ec=1&o=158&fbp=fb.1.1661381689131.199676097&it=1661381687594&coo=false&es=automatic&tm=3&rqm=GET
response: 200 - https://www.exito.com/_v/private/graphql/v1?workspace=master&maxAge=long&appsEtag=remove&domain=store&locale=es-CO&__bindingId=2f829b4f-604f-499c-9ffb-2c5590f076db
response: 200 - https://www.exito.com/_v/private/graphql/v1?workspace=master&maxAge=long&appsEtag=remove&domain=store&locale=es-CO&__bindingId=2f829b4f-604f-499c-9ffb-2c5590f076db
response: 200 - https://storage.googleapis.com/m-infra.appspot.com/public/res/GrupoExito/20210319-kL3fZvgtu0P5ZaZm0iCxqkcltbx2-61TXC-.png
request: GET - https://adservice.google.com.mx/ddm/fls/i/dc_pre=CMiBgovJ4PkCFZbuhwodQNcFBA;src=9831359;type=pages0;cat=paso10;ord=1275321005571;gtm=2wg8m0;auiddc=378319731.1661381686;u1=https%3A%2F%2Fwww.exito.com%2F;~oref=https%3A%2F%2Fwww.exito.com%2F
response: 200 - https://securepubads.g.doubleclick.net/gpt/pubads_impl_2022081701.js?cb=31069129
response: 200 - https://securepubads.g.doubleclick.net/pagead/ppub_config?ippd=www.exito.com
response: 200 - https://rc.vtex.com/v8
response: 202 - https://rc.vtex.com.br/api/events
response: 200 - https://www.google.com.mx/ads/ga-audiences?t=sr&aip=1&_r=4&slf_rd=1&v=1&_v=j96&tid=UA-130949096-2&cid=2049582821.1661381688&jid=2087030841&_u=aADAAEAAQAAAAC~&z=1986493941
response: 204 - https://api.biggylabs.com.br/track-api/v2/track/site?sid=5d6ed45c114db0319e15e403&url=https%3A%2F%2Fwww.exito.com%2F&visitorId=6d7ac2d4fd773d188a5a9a2cf51f29f25f7f4bbb&sessionId=18788295effc6fb18b86df1005df59c0e4c5dcd5
response: 200 - https://www.google.com/ads/ga-audiences?t=sr&aip=1&_r=4&slf_rd=1&v=1&_v=j96&tid=UA-130949096-2&cid=2049582821.1661381688&jid=2087030841&_u=aADAAEAAQAAAAC~&z=1986493941
response: 200 - https://static.scarabresearch.com/wpjs/wploader.js?ts=2746
request: GET - https://42622dab0517e06511d3b1bc6ded7608.safeframe.googlesyndication.com/safeframe/1-0-38/html/container.html
request: GET - https://adservice.google.com/ddm/fls/z/dc_pre=CKWkhozJ4PkCFUHuhwod_1wC1Q;src=9831359;type=pages0;cat=paso30;ord=2742083861423;gtm=2wg8m0;auiddc=*;u1=https%3A%2F%2Fwww.exito.com%2F;u2=undefined;u3=undefined;u4=undefined;~oref=https%3A%2F%2Fwww.exito.com%2F
request: OPTIONS - https://device-api.indigitall.com/v1/device?appKey=46d20abf-8c76-457c-bfb6-d8baa01f24c1
response: 200 - https://11178512.fls.doubleclick.net/activityi;dc_pre=CNmD8YzJ4PkCFUHihwodjFkIYw;src=11178512;type=sitew0;cat=sitew0;ord=802310071853;gtm=2od8m0;auiddc=378319731.1661381686;u11=False;~oref=https%3A%2F%2Fwww.exito.com%2F?
request: GET - https://adservice.google.com/ddm/fls/z/dc_pre=CNmD8YzJ4PkCFUHihwodjFkIYw;src=11178512;type=sitew0;cat=sitew0;ord=802310071853;gtm=2od8m0;auiddc=*;u11=False;~oref=https%3A%2F%2Fwww.exito.com%2F
response: 200 - https://lib-us-3.brilliantcollector.com/common/ubx/UBX.js
response: 302 - https://adservice.google.com.mx/ddm/fls/i/dc_pre=CMiBgovJ4PkCFZbuhwodQNcFBA;src=9831359;type=pages0;cat=paso10;ord=1275321005571;gtm=2wg8m0;auiddc=378319731.1661381686;u1=https%3A%2F%2Fwww.exito.com%2F;~oref=https%3A%2F%2Fwww.exito.com%2F
request: GET - https://9831359.fls.doubleclick.net/ddm/fls/r/dc_pre=CMiBgovJ4PkCFZbuhwodQNcFBA;src=9831359;type=pages0;cat=paso10;ord=1275321005571;gtm=2wg8m0;auiddc=378319731.1661381686;u1=https%3A%2F%2Fwww.exito.com%2F;~oref=https%3A%2F%2Fwww.exito.com%2F
response: 200 - https://lib-us-3.brilliantcollector.com/partners/Google/GAtoUBXEventMapper.js
response: 200 - https://adservice.google.com/ddm/fls/z/dc_pre=CKWkhozJ4PkCFUHuhwod_1wC1Q;src=9831359;type=pages0;cat=paso30;ord=2742083861423;gtm=2wg8m0;auiddc=*;u1=https%3A%2F%2Fwww.exito.com%2F;u2=undefined;u3=undefined;u4=undefined;~oref=https%3A%2F%2Fwww.exito.com%2F
response: 200 - https://42622dab0517e06511d3b1bc6ded7608.safeframe.googlesyndication.com/safeframe/1-0-38/html/container.html
response: 200 - https://adservice.google.com/ddm/fls/z/dc_pre=CNmD8YzJ4PkCFUHihwodjFkIYw;src=11178512;type=sitew0;cat=sitew0;ord=802310071853;gtm=2od8m0;auiddc=*;u11=False;~oref=https%3A%2F%2Fwww.exito.com%2F
response: 204 - https://device-api.indigitall.com/v1/device?appKey=46d20abf-8c76-457c-bfb6-d8baa01f24c1
request: POST - https://device-api.indigitall.com/v1/device?appKey=46d20abf-8c76-457c-bfb6-d8baa01f24c1
response: 200 - https://9831359.fls.doubleclick.net/ddm/fls/r/dc_pre=CMiBgovJ4PkCFZbuhwodQNcFBA;src=9831359;type=pages0;cat=paso10;ord=1275321005571;gtm=2wg8m0;auiddc=378319731.1661381686;u1=https%3A%2F%2Fwww.exito.com%2F;~oref=https%3A%2F%2Fwww.exito.com%2F
request: GET - https://www.googleadservices.com/pagead/conversion.js
response: 201 - https://device-api.indigitall.com/v1/device?appKey=46d20abf-8c76-457c-bfb6-d8baa01f24c1
request: OPTIONS - https://device-api.indigitall.com/v1/event/visit?appKey=46d20abf-8c76-457c-bfb6-d8baa01f24c1
request: OPTIONS - https://device-api.indigitall.com/v1/event/permission?appKey=46d20abf-8c76-457c-bfb6-d8baa01f24c1
request: OPTIONS - https://device-api.indigitall.com/v1/event/permission?appKey=46d20abf-8c76-457c-bfb6-d8baa01f24c1
response: 200 - https://www.googleadservices.com/pagead/conversion.js
request: GET - https://www.googleadservices.com/pagead/conversion/683342262/?random=1661381695916&cv=9&fst=1661381695916&num=1&npa=1&label=nmgNCKqC5b8CELbz68UC&guid=ON&resp=GooglemKTybQhCsO&eid=375603261&u_h=600&u_w=800&u_ah=600&u_aw=800&u_cd=24&u_his=2&u_tz=-300&u_java=false&u_nplug=0&u_nmime=0&sendb=1&ig=1&frm=2&url=https%3A%2F%2F9831359.fls.doubleclick.net%2Fddm%2Ffls%2Fr%2Fdc_pre%3DCMiBgovJ4PkCFZbuhwodQNcFBA%3Bsrc%3D9831359%3Btype%3Dpages0%3Bcat%3Dpaso10%3Bord%3D1275321005571%3Bgtm%3D2wg8m0%3Bauiddc%3D378319731.1661381686%3Bu1%3Dhttps%253A%252F%252Fwww.exito.com%252F%3B~oref%3Dhttps%253A%252F%252Fwww.exito.com%252F&ref=https%3A%2F%2Fadservice.google.com%2F&hn=www.googleadservices.com&rfmt=3&fmt=4
request: GET - https://www.googleadservices.com/pagead/conversion/683409904/?random=1661381695935&cv=9&fst=1661381695916&num=2&npa=1&label=dt26CNyxiNwBEPCD8MUC&guid=ON&resp=GooglemKTybQhCsO&eid=375603260&u_h=600&u_w=800&u_ah=600&u_aw=800&u_cd=24&u_his=2&u_tz=-300&u_java=false&u_nplug=0&u_nmime=0&sendb=1&ig=1&frm=2&url=https%3A%2F%2F9831359.fls.doubleclick.net%2Fddm%2Ffls%2Fr%2Fdc_pre%3DCMiBgovJ4PkCFZbuhwodQNcFBA%3Bsrc%3D9831359%3Btype%3Dpages0%3Bcat%3Dpaso10%3Bord%3D1275321005571%3Bgtm%3D2wg8m0%3Bauiddc%3D378319731.1661381686%3Bu1%3Dhttps%253A%252F%252Fwww.exito.com%252F%3B~oref%3Dhttps%253A%252F%252Fwww.exito.com%252F&ref=https%3A%2F%2Fadservice.google.com%2F&hn=www.googleadservices.com&rfmt=3&fmt=4
response: 204 - https://device-api.indigitall.com/v1/event/visit?appKey=46d20abf-8c76-457c-bfb6-d8baa01f24c1
request: POST - https://device-api.indigitall.com/v1/event/visit?appKey=46d20abf-8c76-457c-bfb6-d8baa01f24c1
response: 204 - https://device-api.indigitall.com/v1/event/permission?appKey=46d20abf-8c76-457c-bfb6-d8baa01f24c1
request: POST - https://device-api.indigitall.com/v1/event/permission?appKey=46d20abf-8c76-457c-bfb6-d8baa01f24c1
response: 204 - https://device-api.indigitall.com/v1/event/permission?appKey=46d20abf-8c76-457c-bfb6-d8baa01f24c1
request: POST - https://device-api.indigitall.com/v1/event/permission?appKey=46d20abf-8c76-457c-bfb6-d8baa01f24c1
